[00:19:59] [INFO] Loaded 2 symbols from DB
[00:20:00] [INFO] Авто-авторизация успешна
[00:20:01] [INFO] Bybit connected successfully
[00:20:02] [DEBUG] Загружено позиций: 0 {"symbol": "all"}
[00:20:02] [DEBUG] Загружено ордеров: 1 открытых, 20 исполненных {"total": 21}
[00:20:09] [INFO] Processing command {"id": 16, "symbol": "ETHUSDT", "side": "open"}
[00:20:11] [INFO] Trade opened and saved {"trade_id": 101}
[00:20:11] [INFO] Processing command {"id": 18, "symbol": "ETHUSDT", "side": "open"}
[00:20:12] [INFO] Trade opened and saved {"trade_id": 102}
[00:20:12] [INFO] Processing command {"id": 19, "symbol": "ETHUSDT", "side": "open"}
[00:20:14] [INFO] Trade opened and saved {"trade_id": 103}
[00:20:14] [INFO] Processing command {"id": 20, "symbol": "ETHUSDT", "side": "open"}
[00:20:16] [INFO] Trade opened and saved {"trade_id": 104}
[00:20:16] [INFO] Processing command {"id": 21, "symbol": "ETHUSDT", "side": "open"}
[00:20:17] [INFO] Trade opened and saved {"trade_id": 105}
[00:20:19] [DEBUG] Загружено ордеров: 1 открытых, 20 исполненных {"total": 21}
[00:20:22] [DEBUG] Загружено ордеров: 1 открытых, 20 исполненных {"total": 21}
[00:20:26] [DEBUG] Загружено ордеров: 1 открытых, 20 исполненных {"total": 21}
[00:20:30] [DEBUG] Загружено ордеров: 1 открытых, 20 исполненных {"total": 21}
[00:20:35] [DEBUG] Загружено ордеров: 1 открытых, 20 исполненных {"total": 21}
[00:20:40] [DEBUG] Загружено ордеров: 1 открытых, 20 исполненных {"total": 21}
[00:20:43] [DEBUG] Загружено ордеров: 1 открытых, 20 исполненных {"total": 21}
[00:20:47] [DEBUG] Загружено ордеров: 1 открытых, 20 исполненных {"total": 21}
[00:20:51] [DEBUG] Загружено ордеров: 1 открытых, 20 исполненных {"total": 21}
[00:20:56] [DEBUG] Загружено ордеров: 1 открытых, 20 исполненных {"total": 21}
[00:21:00] [DEBUG] Загружено ордеров: 1 открытых, 20 исполненных {"total": 21}
[00:21:04] [DEBUG] Загружено ордеров: 1 открытых, 20 исполненных {"total": 21}
[00:21:06] [DEBUG] Загружено позиций: 0 {"symbol": "all"}
[00:21:08] [DEBUG] Загружено ордеров: 1 открытых, 20 исполненных {"total": 21}
[00:21:12] [DEBUG] Загружено ордеров: 1 открытых, 20 исполненных {"total": 21}
[00:21:16] [DEBUG] Загружено ордеров: 1 открытых, 20 исполненных {"total": 21}
[00:21:21] [DEBUG] Загружено ордеров: 1 открытых, 20 исполненных {"total": 21}
[00:21:24] [DEBUG] Загружено ордеров: 1 открытых, 20 исполненных {"total": 21}
[00:21:28] [DEBUG] Загружено ордеров: 1 открытых, 20 исполненных {"total": 21}
[00:21:32] [DEBUG] Загружено ордеров: 1 открытых, 20 исполненных {"total": 21}
[00:21:37] [DEBUG] Загружено ордеров: 1 открытых, 20 исполненных {"total": 21}
[00:21:43] [DEBUG] Загружено ордеров: 1 открытых, 20 исполненных {"total": 21}
[00:21:48] [DEBUG] Загружено ордеров: 1 открытых, 20 исполненных {"total": 21}
[00:21:52] [DEBUG] Загружено ордеров: 1 открытых, 20 исполненных {"total": 21}
[00:21:55] [DEBUG] Загружено ордеров: 1 открытых, 20 исполненных {"total": 21}
[00:21:59] [DEBUG] Загружено ордеров: 1 открытых, 20 исполненных {"total": 21}
[00:22:03] [DEBUG] Загружено ордеров: 1 открытых, 20 исполненных {"total": 21}
[00:22:06] [DEBUG] Загружено позиций: 0 {"symbol": "all"}
[00:22:08] [DEBUG] Загружено ордеров: 1 открытых, 20 исполненных {"total": 21}
[00:22:13] [DEBUG] Загружено ордеров: 1 открытых, 20 исполненных {"total": 21}
[00:22:18] [DEBUG] Загружено ордеров: 1 открытых, 20 исполненных {"total": 21}
[00:22:21] [DEBUG] Загружено ордеров: 1 открытых, 20 исполненных {"total": 21}
[00:22:25] [DEBUG] Загружено ордеров: 1 открытых, 20 исполненных {"total": 21}
[00:22:30] [DEBUG] Загружено ордеров: 1 открытых, 20 исполненных {"total": 21}
[00:22:34] [DEBUG] Загружено ордеров: 1 открытых, 20 исполненных {"total": 21}
[00:22:39] [DEBUG] Загружено ордеров: 1 открытых, 20 исполненных {"total": 21}
[00:22:44] [DEBUG] Загружено ордеров: 1 открытых, 20 исполненных {"total": 21}
[00:22:47] [DEBUG] Загружено ордеров: 1 открытых, 20 исполненных {"total": 21}
[00:22:52] [DEBUG] Загружено ордеров: 1 открытых, 20 исполненных {"total": 21}
[00:22:56] [DEBUG] Загружено ордеров: 1 открытых, 20 исполненных {"total": 21}
[00:23:00] [DEBUG] Загружено ордеров: 1 открытых, 20 исполненных {"total": 21}
[00:23:05] [DEBUG] Загружено ордеров: 1 открытых, 20 исполненных {"total": 21}
[00:23:06] [DEBUG] Загружено позиций: 0 {"symbol": "all"}
[00:23:09] [DEBUG] Загружено ордеров: 1 открытых, 20 исполненных {"total": 21}
[00:23:13] [DEBUG] Загружено ордеров: 1 открытых, 20 исполненных {"total": 21}
[00:23:18] [DEBUG] Загружено ордеров: 1 открытых, 20 исполненных {"total": 21}
[00:23:21] [DEBUG] Загружено ордеров: 1 открытых, 20 исполненных {"total": 21}
[00:23:26] [DEBUG] Загружено ордеров: 1 открытых, 20 исполненных {"total": 21}
[00:23:31] [DEBUG] Загружено ордеров: 1 открытых, 20 исполненных {"total": 21}
[00:23:34] [DEBUG] Загружено ордеров: 1 открытых, 20 исполненных {"total": 21}
[00:23:38] [DEBUG] Загружено ордеров: 1 открытых, 20 исполненных {"total": 21}
[00:23:42] [DEBUG] Загружено ордеров: 1 открытых, 20 исполненных {"total": 21}
[00:23:47] [DEBUG] Загружено ордеров: 1 открытых, 20 исполненных {"total": 21}
[00:23:50] [DEBUG] Загружено ордеров: 1 открытых, 20 исполненных {"total": 21}
[00:23:55] [DEBUG] Загружено ордеров: 1 открытых, 20 исполненных {"total": 21}
[00:23:59] [DEBUG] Загружено ордеров: 1 открытых, 20 исполненных {"total": 21}
[00:24:04] [DEBUG] Загружено ордеров: 1 открытых, 20 исполненных {"total": 21}
[00:24:06] [DEBUG] Загружено позиций: 0 {"symbol": "all"}
[00:24:08] [DEBUG] Загружено ордеров: 1 открытых, 20 исполненных {"total": 21}
[00:24:13] [DEBUG] Загружено ордеров: 1 открытых, 20 исполненных {"total": 21}
[00:24:16] [DEBUG] Загружено ордеров: 1 открытых, 20 исполненных {"total": 21}
[00:24:20] [DEBUG] Загружено ордеров: 1 открытых, 20 исполненных {"total": 21}
[00:24:25] [DEBUG] Загружено ордеров: 1 открытых, 20 исполненных {"total": 21}
[00:24:29] [DEBUG] Загружено ордеров: 1 открытых, 20 исполненных {"total": 21}
[00:24:32] [DEBUG] Загружено ордеров: 1 открытых, 20 исполненных {"total": 21}
[00:24:37] [DEBUG] Загружено ордеров: 1 открытых, 20 исполненных {"total": 21}
