[15:47:25] [INFO] Loaded 2 symbols from DB
[15:47:26] [INFO] Авто-авторизация успешна
[15:47:26] [ERROR] Token refresh error {"error": "HTTPConnectionPool(host='127.0.0.1', port=8000): Max retries exceeded with url: /api/terminal/init (Caused by NewConnectionError(\"HTTPConnection(host='127.0.0.1', port=8000): Failed to establish a new connection: [Errno 61] Connection refused\"))"}
[15:47:28] [ERROR] Сервер API недоступен
[15:47:30] [ERROR] Сервер API недоступен
[15:47:32] [ERROR] Сервер API недоступен
[15:47:34] [ERROR] Сервер API недоступен
[15:47:37] [ERROR] Сервер API недоступен
[15:52:39] [INFO] Loaded 2 symbols from DB
[15:52:39] [INFO] Авто-авторизация успешна
[15:52:39] [ERROR] Token refresh error {"error": "HTTPConnectionPool(host='127.0.0.1', port=8000): Max retries exceeded with url: /api/terminal/init (Caused by NewConnectionError(\"HTTPConnection(host='127.0.0.1', port=8000): Failed to establish a new connection: [Errno 61] Connection refused\"))"}
[15:52:41] [ERROR] Сервер API недоступен
[15:52:44] [ERROR] Сервер API недоступен
[15:52:47] [ERROR] Сервер API недоступен
[15:52:49] [ERROR] Сервер API недоступен
[15:52:52] [ERROR] Сервер API недоступен
[15:52:54] [ERROR] Сервер API недоступен
[15:52:57] [ERROR] Сервер API недоступен
[15:52:59] [ERROR] Сервер API недоступен
[15:53:02] [ERROR] Сервер API недоступен
[15:53:04] [ERROR] Сервер API недоступен
[15:53:06] [ERROR] Сервер API недоступен
[15:53:08] [ERROR] Сервер API недоступен
[15:53:10] [ERROR] Сервер API недоступен
[15:53:12] [ERROR] Сервер API недоступен
[15:53:14] [ERROR] Сервер API недоступен
[15:53:16] [ERROR] Сервер API недоступен
[15:53:18] [ERROR] Сервер API недоступен
[15:53:21] [ERROR] Сервер API недоступен
[15:53:23] [ERROR] Сервер API недоступен
[15:53:26] [ERROR] Сервер API недоступен
[15:53:28] [ERROR] Сервер API недоступен
[15:53:30] [ERROR] Сервер API недоступен
[15:53:33] [ERROR] Сервер API недоступен
[15:53:36] [ERROR] Сервер API недоступен
[15:53:38] [ERROR] Сервер API недоступен
[15:53:42] [ERROR] Сервер API недоступен
[15:53:44] [ERROR] Сервер API недоступен
[15:53:46] [ERROR] Сервер API недоступен
[15:53:48] [ERROR] Сервер API недоступен
[15:53:50] [ERROR] Сервер API недоступен
[15:53:54] [WARNING] Bybit connection failed: API key is invalid. (ErrCode: 10003) (ErrTime: 14:53:54).
Request → GET https://api.bybit.com/v5/user/query-api: .
[15:54:20] [ERROR] Сервер API недоступен
[15:54:22] [ERROR] Сервер API недоступен
[15:54:25] [ERROR] Сервер API недоступен
[15:54:27] [ERROR] Сервер API недоступен
[15:54:29] [ERROR] Сервер API недоступен
[15:54:33] [ERROR] Сервер API недоступен
[15:54:35] [ERROR] Сервер API недоступен
[15:54:37] [ERROR] Сервер API недоступен
[15:54:39] [ERROR] Сервер API недоступен
[15:54:42] [ERROR] Сервер API недоступен
[15:54:44] [ERROR] Сервер API недоступен
[15:54:46] [ERROR] Сервер API недоступен
[15:54:48] [ERROR] Сервер API недоступен
[15:54:50] [ERROR] Сервер API недоступен
[15:54:52] [ERROR] Сервер API недоступен
[15:54:54] [ERROR] Сервер API недоступен
[15:54:56] [ERROR] Сервер API недоступен
[15:54:58] [ERROR] Сервер API недоступен
[15:55:00] [ERROR] Сервер API недоступен
[15:55:10] [ERROR] Сервер API недоступен
[15:55:12] [ERROR] Сервер API недоступен
[15:55:14] [ERROR] Сервер API недоступен
[15:55:17] [ERROR] Сервер API недоступен
[15:55:19] [ERROR] Сервер API недоступен
[15:55:21] [ERROR] Сервер API недоступен
[15:55:23] [ERROR] Сервер API недоступен
[15:55:25] [ERROR] Сервер API недоступен
[15:55:27] [ERROR] Сервер API недоступен
[15:55:29] [ERROR] Сервер API недоступен
[15:55:32] [ERROR] Сервер API недоступен
[15:55:34] [ERROR] Сервер API недоступен
[15:55:36] [ERROR] Сервер API недоступен
[15:55:38] [ERROR] Сервер API недоступен
[15:55:41] [ERROR] Сервер API недоступен
[15:55:43] [ERROR] Сервер API недоступен
[15:55:45] [ERROR] Сервер API недоступен
[15:55:47] [ERROR] Сервер API недоступен
[15:55:49] [ERROR] Сервер API недоступен
[15:55:52] [ERROR] Сервер API недоступен
[15:55:54] [ERROR] Сервер API недоступен
[15:55:57] [ERROR] Сервер API недоступен
[15:55:59] [ERROR] Сервер API недоступен
[15:56:01] [ERROR] Сервер API недоступен
[15:56:03] [ERROR] Сервер API недоступен
[15:56:05] [ERROR] Сервер API недоступен
[15:56:07] [ERROR] Сервер API недоступен
[15:56:09] [ERROR] Сервер API недоступен
[15:56:11] [ERROR] Сервер API недоступен
[15:56:13] [ERROR] Сервер API недоступен
[15:56:15] [ERROR] Сервер API недоступен
[15:56:17] [ERROR] Сервер API недоступен
[15:56:19] [ERROR] Сервер API недоступен
[15:56:22] [ERROR] Сервер API недоступен
[15:56:24] [ERROR] Сервер API недоступен
[15:56:26] [ERROR] Сервер API недоступен
[15:56:28] [ERROR] Сервер API недоступен
[15:56:30] [ERROR] Сервер API недоступен
[15:56:32] [ERROR] Сервер API недоступен
[15:56:34] [ERROR] Сервер API недоступен
[15:56:36] [ERROR] Сервер API недоступен
[15:56:38] [ERROR] Сервер API недоступен
[15:56:41] [ERROR] Сервер API недоступен
[15:56:43] [ERROR] Сервер API недоступен
[15:56:45] [ERROR] Сервер API недоступен
[15:56:47] [ERROR] Сервер API недоступен
[15:56:49] [ERROR] Сервер API недоступен
[15:56:51] [ERROR] Сервер API недоступен
[15:56:53] [ERROR] Сервер API недоступен
[15:56:55] [ERROR] Сервер API недоступен
[15:56:58] [ERROR] Сервер API недоступен
[15:57:00] [ERROR] Сервер API недоступен
[15:57:03] [ERROR] Сервер API недоступен
[15:57:05] [ERROR] Сервер API недоступен
[15:57:07] [ERROR] Сервер API недоступен
[15:57:09] [ERROR] Сервер API недоступен
[15:57:11] [ERROR] Сервер API недоступен
[15:57:13] [ERROR] Сервер API недоступен
[15:57:15] [ERROR] Сервер API недоступен
[15:57:17] [ERROR] Сервер API недоступен
[15:57:19] [ERROR] Сервер API недоступен
[15:57:21] [ERROR] Сервер API недоступен
[15:57:23] [ERROR] Сервер API недоступен
[15:57:25] [ERROR] Сервер API недоступен
[15:57:28] [ERROR] Сервер API недоступен
[15:57:30] [ERROR] Сервер API недоступен
[15:57:33] [ERROR] Сервер API недоступен
[15:57:35] [ERROR] Сервер API недоступен
[15:57:37] [ERROR] Сервер API недоступен
[15:57:39] [ERROR] Сервер API недоступен
[15:57:41] [ERROR] Сервер API недоступен
[15:57:43] [ERROR] Сервер API недоступен
[15:57:45] [ERROR] Сервер API недоступен
[15:57:47] [ERROR] Сервер API недоступен
[15:57:49] [ERROR] Сервер API недоступен
[15:57:51] [ERROR] Сервер API недоступен
[15:57:54] [ERROR] Сервер API недоступен
[15:57:56] [ERROR] Сервер API недоступен
[15:57:58] [ERROR] Сервер API недоступен
[15:58:00] [ERROR] Сервер API недоступен
[15:58:02] [ERROR] Сервер API недоступен
[15:58:04] [ERROR] Сервер API недоступен
[15:58:06] [ERROR] Сервер API недоступен
[15:58:08] [ERROR] Сервер API недоступен
[15:58:10] [ERROR] Сервер API недоступен
[15:58:12] [ERROR] Сервер API недоступен
[15:58:14] [ERROR] Сервер API недоступен
[15:58:16] [WARNING] Bybit connection failed: API key is invalid. (ErrCode: 10003) (ErrTime: 14:58:16).
Request → GET https://api.bybit.com/v5/user/query-api: .
[15:58:17] [ERROR] Сервер API недоступен
[15:58:18] [ERROR] Сервер API недоступен
[15:58:21] [ERROR] Сервер API недоступен
[15:58:23] [ERROR] Сервер API недоступен
[15:58:25] [ERROR] Сервер API недоступен
[15:58:27] [ERROR] Сервер API недоступен
[15:58:29] [ERROR] Сервер API недоступен
[15:58:31] [ERROR] Сервер API недоступен
[15:58:33] [ERROR] Сервер API недоступен
[15:58:35] [ERROR] Сервер API недоступен
[15:58:37] [ERROR] Сервер API недоступен
[15:58:39] [ERROR] Сервер API недоступен
[15:58:41] [ERROR] Сервер API недоступен
[15:58:44] [ERROR] Сервер API недоступен
[15:58:46] [ERROR] Сервер API недоступен
[15:58:48] [ERROR] Сервер API недоступен
[15:58:50] [ERROR] Сервер API недоступен
[15:58:52] [ERROR] Сервер API недоступен
[15:58:54] [ERROR] Сервер API недоступен
[15:58:56] [ERROR] Сервер API недоступен
[15:58:58] [ERROR] Сервер API недоступен
[15:59:00] [ERROR] Сервер API недоступен
[15:59:02] [ERROR] Сервер API недоступен
[15:59:04] [ERROR] Сервер API недоступен
[15:59:06] [ERROR] Сервер API недоступен
[15:59:09] [ERROR] Сервер API недоступен
[15:59:11] [ERROR] Сервер API недоступен
[15:59:13] [ERROR] Сервер API недоступен
[15:59:15] [ERROR] Сервер API недоступен
[15:59:17] [ERROR] Сервер API недоступен
[15:59:19] [ERROR] Сервер API недоступен
[15:59:21] [ERROR] Сервер API недоступен
[15:59:23] [ERROR] Сервер API недоступен
[15:59:25] [ERROR] Сервер API недоступен
[15:59:27] [ERROR] Сервер API недоступен
[15:59:29] [ERROR] Сервер API недоступен
[15:59:31] [ERROR] Сервер API недоступен
[15:59:33] [ERROR] Сервер API недоступен
[15:59:35] [ERROR] Сервер API недоступен
[15:59:37] [ERROR] Сервер API недоступен
[15:59:39] [ERROR] Сервер API недоступен
[15:59:42] [ERROR] Сервер API недоступен
[15:59:44] [ERROR] Сервер API недоступен
[15:59:46] [ERROR] Сервер API недоступен
[15:59:48] [ERROR] Сервер API недоступен
[15:59:50] [ERROR] Сервер API недоступен
[15:59:52] [ERROR] Сервер API недоступен
[15:59:54] [ERROR] Сервер API недоступен
[15:59:56] [ERROR] Сервер API недоступен
[15:59:58] [ERROR] Сервер API недоступен
[16:00:00] [ERROR] Сервер API недоступен
[16:00:03] [ERROR] Сервер API недоступен
[16:00:05] [ERROR] Сервер API недоступен
[16:00:07] [ERROR] Сервер API недоступен
[16:00:10] [ERROR] Сервер API недоступен
[16:00:12] [ERROR] Сервер API недоступен
[16:00:14] [ERROR] Сервер API недоступен
[16:00:16] [ERROR] Сервер API недоступен
[16:00:19] [ERROR] Сервер API недоступен
[16:00:21] [ERROR] Сервер API недоступен
[16:00:23] [ERROR] Сервер API недоступен
[16:00:26] [ERROR] Сервер API недоступен
[16:00:28] [ERROR] Сервер API недоступен
[16:00:30] [ERROR] Сервер API недоступен
[16:00:32] [ERROR] Сервер API недоступен
[16:00:35] [ERROR] Сервер API недоступен
[16:00:37] [ERROR] Сервер API недоступен
[16:00:39] [ERROR] Сервер API недоступен
[16:00:41] [ERROR] Сервер API недоступен
[16:00:43] [ERROR] Сервер API недоступен
[16:00:45] [ERROR] Сервер API недоступен
[16:00:47] [ERROR] Сервер API недоступен
[16:00:50] [ERROR] Сервер API недоступен
[16:00:52] [ERROR] Сервер API недоступен
[16:00:54] [ERROR] Сервер API недоступен
[16:00:56] [ERROR] Сервер API недоступен
[16:00:58] [ERROR] Сервер API недоступен
[16:01:00] [ERROR] Сервер API недоступен
[16:01:02] [ERROR] Сервер API недоступен
[16:01:05] [ERROR] Сервер API недоступен
[16:01:07] [ERROR] Сервер API недоступен
[16:01:09] [ERROR] Сервер API недоступен
[16:01:11] [ERROR] Сервер API недоступен
[16:01:13] [ERROR] Сервер API недоступен
[16:01:15] [ERROR] Сервер API недоступен
[16:01:17] [ERROR] Сервер API недоступен
[16:01:19] [ERROR] Сервер API недоступен
[16:01:21] [ERROR] Сервер API недоступен
[16:01:23] [ERROR] Сервер API недоступен
[16:01:25] [ERROR] Сервер API недоступен
[16:01:27] [ERROR] Сервер API недоступен
[16:01:29] [ERROR] Сервер API недоступен
[16:01:32] [ERROR] Сервер API недоступен
[16:01:34] [ERROR] Сервер API недоступен
[16:01:36] [ERROR] Сервер API недоступен
[16:01:38] [ERROR] Сервер API недоступен
[16:01:40] [ERROR] Сервер API недоступен
[16:01:42] [ERROR] Сервер API недоступен
[16:01:44] [ERROR] Сервер API недоступен
[16:01:46] [ERROR] Сервер API недоступен
[16:01:48] [ERROR] Сервер API недоступен
[16:01:51] [ERROR] Сервер API недоступен
[16:01:53] [ERROR] Сервер API недоступен
[16:01:55] [ERROR] Сервер API недоступен
[16:01:57] [ERROR] Сервер API недоступен
[16:01:59] [ERROR] Сервер API недоступен
[16:02:01] [ERROR] Сервер API недоступен
[16:02:03] [ERROR] Сервер API недоступен
[16:02:05] [ERROR] Сервер API недоступен
[16:02:07] [ERROR] Сервер API недоступен
[16:02:09] [ERROR] Сервер API недоступен
[16:02:11] [ERROR] Сервер API недоступен
[16:02:13] [ERROR] Сервер API недоступен
[16:02:15] [ERROR] Сервер API недоступен
[16:02:17] [ERROR] Сервер API недоступен
[16:02:19] [ERROR] Сервер API недоступен
[16:02:21] [ERROR] Сервер API недоступен
[16:02:23] [ERROR] Сервер API недоступен
[16:02:26] [ERROR] Сервер API недоступен
[16:02:28] [ERROR] Сервер API недоступен
[16:02:30] [ERROR] Сервер API недоступен
[16:02:32] [ERROR] Сервер API недоступен
[16:02:34] [ERROR] Сервер API недоступен
[16:02:36] [ERROR] Сервер API недоступен
[16:02:38] [ERROR] Сервер API недоступен
[16:02:40] [ERROR] Сервер API недоступен
[16:02:41] [WARNING] Bybit connection failed: API key is invalid. (ErrCode: 10003) (ErrTime: 15:02:41).
Request → GET https://api.bybit.com/v5/user/query-api: .
[16:02:43] [ERROR] Сервер API недоступен
[16:02:45] [ERROR] Сервер API недоступен
[16:02:47] [ERROR] Сервер API недоступен
[16:02:49] [ERROR] Сервер API недоступен
[16:02:51] [ERROR] Сервер API недоступен
[16:02:53] [ERROR] Сервер API недоступен
[16:02:55] [ERROR] Сервер API недоступен
[16:02:57] [ERROR] Сервер API недоступен
[16:02:59] [ERROR] Сервер API недоступен
[16:03:01] [ERROR] Сервер API недоступен
[16:03:03] [ERROR] Сервер API недоступен
[16:03:05] [ERROR] Сервер API недоступен
[16:03:07] [ERROR] Сервер API недоступен
[16:03:09] [ERROR] Сервер API недоступен
[16:03:12] [ERROR] Сервер API недоступен
[16:03:14] [ERROR] Сервер API недоступен
[16:03:16] [ERROR] Сервер API недоступен
[16:03:18] [ERROR] Сервер API недоступен
[16:03:20] [ERROR] Сервер API недоступен
[16:03:22] [ERROR] Сервер API недоступен
[16:03:24] [ERROR] Сервер API недоступен
[16:03:26] [ERROR] Сервер API недоступен
[16:03:28] [ERROR] Сервер API недоступен
[16:03:30] [ERROR] Сервер API недоступен
[16:03:32] [ERROR] Сервер API недоступен
[16:03:35] [ERROR] Сервер API недоступен
[16:03:37] [ERROR] Сервер API недоступен
[16:03:39] [ERROR] Сервер API недоступен
[16:03:41] [ERROR] Сервер API недоступен
[16:03:43] [ERROR] Сервер API недоступен
[16:03:45] [ERROR] Сервер API недоступен
[16:03:47] [ERROR] Сервер API недоступен
[16:03:49] [ERROR] Сервер API недоступен
[16:03:51] [ERROR] Сервер API недоступен
[16:03:53] [ERROR] Сервер API недоступен
[16:03:55] [ERROR] Сервер API недоступен
[16:03:56] [WARNING] Bybit connection failed: API key is invalid. (ErrCode: 10003) (ErrTime: 15:03:56).
Request → GET https://api.bybit.com/v5/user/query-api: .
[16:03:58] [ERROR] Сервер API недоступен
[16:04:00] [ERROR] Сервер API недоступен
[16:04:02] [ERROR] Сервер API недоступен
[16:04:04] [ERROR] Сервер API недоступен
[16:04:07] [ERROR] Сервер API недоступен
[16:04:09] [ERROR] Сервер API недоступен
[16:04:11] [ERROR] Сервер API недоступен
[16:04:13] [ERROR] Сервер API недоступен
[16:04:15] [ERROR] Сервер API недоступен
[16:04:17] [ERROR] Сервер API недоступен
[16:04:19] [ERROR] Сервер API недоступен
[16:04:21] [ERROR] Сервер API недоступен
[16:04:23] [ERROR] Сервер API недоступен
[16:04:25] [WARNING] Bybit connection failed: API key is invalid. (ErrCode: 10003) (ErrTime: 15:04:25).
Request → GET https://api.bybit.com/v5/user/query-api: .
[16:04:27] [ERROR] Сервер API недоступен
[16:04:28] [ERROR] Сервер API недоступен
[16:04:30] [ERROR] Сервер API недоступен
[16:04:32] [ERROR] Сервер API недоступен
[16:04:34] [ERROR] Сервер API недоступен
[16:04:36] [ERROR] Сервер API недоступен
[16:04:38] [ERROR] Сервер API недоступен
[16:04:40] [ERROR] Сервер API недоступен
[16:04:42] [ERROR] Сервер API недоступен
[16:04:44] [ERROR] Сервер API недоступен
[16:04:46] [ERROR] Сервер API недоступен
[16:04:48] [ERROR] Сервер API недоступен
[16:04:50] [ERROR] Сервер API недоступен
[16:04:52] [ERROR] Сервер API недоступен
[16:04:54] [ERROR] Сервер API недоступен
[16:04:56] [ERROR] Сервер API недоступен
[16:04:58] [ERROR] Сервер API недоступен
[16:05:00] [ERROR] Сервер API недоступен
[16:05:02] [ERROR] Сервер API недоступен
[16:05:04] [ERROR] Сервер API недоступен
[16:05:06] [ERROR] Сервер API недоступен
[16:05:09] [ERROR] Сервер API недоступен
[16:05:11] [ERROR] Сервер API недоступен
[16:05:13] [ERROR] Сервер API недоступен
[16:05:15] [ERROR] Сервер API недоступен
[16:05:17] [ERROR] Сервер API недоступен
[16:05:19] [ERROR] Сервер API недоступен
[16:05:21] [ERROR] Сервер API недоступен
[16:05:24] [ERROR] Сервер API недоступен
[16:05:25] [WARNING] Bybit connection failed: API key is invalid. (ErrCode: 10003) (ErrTime: 15:05:25).
Request → GET https://api.bybit.com/v5/user/query-api: .
[16:05:28] [ERROR] Сервер API недоступен
[16:05:28] [ERROR] Сервер API недоступен
[16:05:30] [ERROR] Сервер API недоступен
[16:05:32] [ERROR] Сервер API недоступен
[16:05:34] [ERROR] Сервер API недоступен
[16:05:36] [ERROR] Сервер API недоступен
[16:05:38] [ERROR] Сервер API недоступен
[16:05:40] [ERROR] Сервер API недоступен
[16:05:42] [ERROR] Сервер API недоступен
[16:05:45] [ERROR] Сервер API недоступен
[16:05:47] [ERROR] Сервер API недоступен
[16:05:49] [ERROR] Сервер API недоступен
[16:05:51] [ERROR] Сервер API недоступен
[16:05:53] [ERROR] Сервер API недоступен
[16:05:55] [ERROR] Сервер API недоступен
[16:05:57] [ERROR] Сервер API недоступен
[16:05:59] [ERROR] Сервер API недоступен
[16:06:01] [ERROR] Сервер API недоступен
[16:06:03] [ERROR] Сервер API недоступен
[16:06:05] [ERROR] Сервер API недоступен
[16:06:07] [ERROR] Сервер API недоступен
[16:06:09] [ERROR] Сервер API недоступен
[16:06:11] [ERROR] Сервер API недоступен
[16:06:13] [ERROR] Сервер API недоступен
[16:06:15] [ERROR] Сервер API недоступен
[16:06:17] [ERROR] Сервер API недоступен
[16:06:19] [WARNING] Bybit connection failed: API key is invalid. (ErrCode: 10003) (ErrTime: 15:06:19).
Request → GET https://api.bybit.com/v5/user/query-api: .
[16:06:23] [ERROR] Сервер API недоступен
[16:06:25] [ERROR] Сервер API недоступен
[16:06:27] [ERROR] Сервер API недоступен
[16:06:29] [ERROR] Сервер API недоступен
[16:06:31] [ERROR] Сервер API недоступен
[16:06:33] [ERROR] Сервер API недоступен
[16:06:35] [ERROR] Сервер API недоступен
[16:06:37] [ERROR] Сервер API недоступен
[16:06:39] [ERROR] Сервер API недоступен
[16:06:41] [ERROR] Сервер API недоступен
[16:06:44] [ERROR] Сервер API недоступен
[16:06:46] [ERROR] Сервер API недоступен
[16:06:48] [ERROR] Сервер API недоступен
[16:06:50] [ERROR] Сервер API недоступен
[16:06:52] [ERROR] Сервер API недоступен
[16:06:54] [ERROR] Сервер API недоступен
[16:06:56] [ERROR] Сервер API недоступен
[16:06:58] [ERROR] Сервер API недоступен
[16:07:00] [ERROR] Сервер API недоступен
[16:07:02] [ERROR] Сервер API недоступен
[16:07:05] [ERROR] Сервер API недоступен
[16:07:07] [ERROR] Сервер API недоступен
[16:07:09] [ERROR] Сервер API недоступен
[16:07:11] [ERROR] Сервер API недоступен
[16:07:13] [ERROR] Сервер API недоступен
[16:07:15] [ERROR] Сервер API недоступен
[16:07:17] [ERROR] Сервер API недоступен
[16:07:19] [ERROR] Сервер API недоступен
[16:07:21] [ERROR] Сервер API недоступен
[16:07:23] [ERROR] Сервер API недоступен
[16:07:26] [ERROR] Сервер API недоступен
[16:07:28] [ERROR] Сервер API недоступен
[16:07:30] [ERROR] Сервер API недоступен
[16:07:32] [ERROR] Сервер API недоступен
[16:07:34] [ERROR] Сервер API недоступен
[16:07:36] [ERROR] Сервер API недоступен
[16:07:38] [ERROR] Сервер API недоступен
[16:07:40] [ERROR] Token refresh error {"error": "HTTPConnectionPool(host='127.0.0.1', port=8000): Max retries exceeded with url: /api/terminal/init (Caused by NewConnectionError(\"HTTPConnection(host='127.0.0.1', port=8000): Failed to establish a new connection: [Errno 61] Connection refused\"))"}
[16:07:40] [ERROR] Сервер API недоступен
[16:07:42] [ERROR] Сервер API недоступен
[16:07:45] [WARNING] Bybit connection failed: API key is invalid. (ErrCode: 10003) (ErrTime: 15:07:45).
Request → GET https://api.bybit.com/v5/user/query-api: .
[16:09:48] [ERROR] Сервер API недоступен
[16:09:48] [ERROR] Сервер API недоступен
[16:09:50] [ERROR] Сервер API недоступен
[16:09:52] [ERROR] Сервер API недоступен
[16:09:54] [ERROR] Сервер API недоступен
[16:09:56] [ERROR] Сервер API недоступен
[16:09:58] [ERROR] Сервер API недоступен
[16:10:01] [ERROR] Сервер API недоступен
[16:10:03] [ERROR] Сервер API недоступен
[16:10:06] [INFO] Loaded 2 symbols from DB
[16:10:07] [INFO] Авто-авторизация успешна
[16:10:07] [ERROR] Token refresh error {"error": "HTTPConnectionPool(host='127.0.0.1', port=8000): Max retries exceeded with url: /api/terminal/init (Caused by NewConnectionError(\"HTTPConnection(host='127.0.0.1', port=8000): Failed to establish a new connection: [Errno 61] Connection refused\"))"}
[16:10:09] [ERROR] Сервер API недоступен
[16:10:11] [ERROR] Сервер API недоступен
[16:10:13] [ERROR] Сервер API недоступен
[16:10:15] [ERROR] Сервер API недоступен
[16:10:18] [ERROR] Сервер API недоступен
[16:10:20] [ERROR] Сервер API недоступен
[16:10:23] [ERROR] Сервер API недоступен
[16:10:24] [ERROR] Сервер API недоступен
[16:10:26] [ERROR] Сервер API недоступен
[16:10:30] [ERROR] Сервер API недоступен
[16:10:32] [ERROR] Сервер API недоступен
[16:10:34] [ERROR] Сервер API недоступен
[16:10:36] [ERROR] Сервер API недоступен
[16:10:38] [ERROR] Сервер API недоступен
[16:10:40] [ERROR] Сервер API недоступен
[16:10:42] [ERROR] Сервер API недоступен
[16:10:44] [ERROR] Сервер API недоступен
[16:10:45] [WARNING] Bybit connection failed: API key is invalid. (ErrCode: 10003) (ErrTime: 15:10:45).
Request → GET https://api-testnet.bybit.com/v5/user/query-api: .
[16:11:29] [ERROR] Сервер API недоступен
[16:11:29] [ERROR] Сервер API недоступен
[16:11:32] [ERROR] Сервер API недоступен
