[11:12:56] [INFO] Loaded 2 symbols from DB
[11:12:56] [INFO] Авто-авторизация успешна
[11:12:56] [WARNING] Bybit connection failed: Session not initialized
[11:19:49] [INFO] Loaded 2 symbols from DB
[11:19:50] [INFO] Авто-авторизация успешна
[11:19:50] [WARNING] Bybit connection failed: Session not initialized
[13:51:46] [INFO] Loaded 2 symbols from DB
[13:51:46] [INFO] Авто-авторизация успешна
[13:51:46] [INFO] Bybit connected successfully
[13:51:51] [INFO] Bybit connected successfully
[13:52:23] [INFO] Bybit connected successfully
[13:52:33] [INFO] Bybit connected successfully
[13:52:49] [INFO] Loaded 2 symbols from DB
[13:52:49] [INFO] Авто-авторизация успешна
[13:52:49] [INFO] Bybit connected successfully
[13:53:35] [INFO] Bybit connected successfully
[13:53:38] [INFO] Bybit connected successfully
[13:56:00] [INFO] Loaded 2 symbols from DB
[13:56:00] [INFO] Авто-авторизация успешна
[13:56:00] [INFO] Bybit connected successfully
[13:56:16] [INFO] Loaded 2 symbols from DB
[13:56:16] [INFO] Авто-авторизация успешна
[13:56:16] [INFO] Bybit connected successfully
[13:56:22] [INFO] Bybit connected successfully
[13:56:30] [INFO] Bybit connected successfully
[13:56:42] [INFO] Loaded 2 symbols from DB
[13:56:42] [INFO] Авто-авторизация успешна
[13:56:42] [INFO] Bybit connected successfully
