[21:18:14] [INFO] Loaded 2 symbols from DB
[21:18:14] [INFO] Ожидание авторизации
[21:18:25] [INFO] Авторизация успешна {"uid": "3de9995d-2d73-404b-9a0a-795113c3e475"}
[21:18:30] [INFO] Processing command {"id": 16, "symbol": "ETHUSDT", "side": "open"}
[21:18:31] [INFO] Processing command {"id": 18, "symbol": "ETHUSDT", "side": "open"}
[21:18:32] [INFO] Processing command {"id": 19, "symbol": "ETHUSDT", "side": "open"}
[21:19:14] [WARNING] Bybit connection failed: Retryable error occurred, retrying...
[21:19:28] [INFO] Bybit connected successfully
[21:20:29] [INFO] Loaded 2 symbols from DB
[21:20:30] [INFO] Авто-авторизация успешна
[21:20:31] [INFO] Bybit connected successfully
[21:20:36] [INFO] Processing command {"id": 16, "symbol": "ETHUSDT", "side": "open"}
[21:20:38] [INFO] Trade opened and saved {"trade_id": 24}
[21:20:38] [INFO] Processing command {"id": 18, "symbol": "ETHUSDT", "side": "open"}
[21:20:40] [INFO] Trade opened and saved {"trade_id": 25}
[21:20:40] [INFO] Processing command {"id": 19, "symbol": "ETHUSDT", "side": "open"}
[21:20:42] [INFO] Trade opened and saved {"trade_id": 26}
[22:15:31] [INFO] Loaded 2 symbols from DB
[22:15:31] [INFO] Авто-авторизация успешна
[22:15:32] [INFO] Bybit connected successfully
[22:15:33] [DEBUG] Загружено позиций: 0 {"symbol": "all"}
[22:15:33] [ERROR] Update balance error {"error": "'PositionService' object has no attribute 'fetch_open_orders'"}
[22:15:39] [INFO] Processing command {"id": 16, "symbol": "ETHUSDT", "side": "open"}
[22:15:40] [INFO] Processing command {"id": 18, "symbol": "ETHUSDT", "side": "open"}
[22:15:41] [INFO] Trade opened and saved {"trade_id": 27}
[22:15:41] [INFO] Processing command {"id": 19, "symbol": "ETHUSDT", "side": "open"}
[22:15:44] [DEBUG] Загружено ордеров: 0 {"symbol": "all"}
[22:15:47] [DEBUG] Загружено ордеров: 0 {"symbol": "all"}
[22:15:51] [DEBUG] Загружено ордеров: 0 {"symbol": "all"}
[22:15:55] [DEBUG] Загружено ордеров: 0 {"symbol": "all"}
[22:15:59] [DEBUG] Загружено ордеров: 0 {"symbol": "all"}
[22:16:04] [DEBUG] Загружено ордеров: 0 {"symbol": "all"}
[22:16:08] [DEBUG] Загружено ордеров: 0 {"symbol": "all"}
[22:16:12] [DEBUG] Загружено ордеров: 0 {"symbol": "all"}
[22:16:16] [DEBUG] Загружено ордеров: 0 {"symbol": "all"}
[22:16:20] [DEBUG] Загружено ордеров: 0 {"symbol": "all"}
[22:16:25] [DEBUG] Загружено ордеров: 0 {"symbol": "all"}
[22:16:30] [DEBUG] Загружено ордеров: 0 {"symbol": "all"}
[22:16:33] [DEBUG] Загружено ордеров: 0 {"symbol": "all"}
[22:16:35] [DEBUG] Загружено позиций: 0 {"symbol": "all"}
[22:16:35] [ERROR] Update balance error {"error": "'PositionService' object has no attribute 'fetch_open_orders'"}
[22:16:37] [DEBUG] Загружено ордеров: 0 {"symbol": "all"}
[22:16:41] [DEBUG] Загружено ордеров: 0 {"symbol": "all"}
[22:16:45] [DEBUG] Загружено ордеров: 0 {"symbol": "all"}
[22:16:50] [DEBUG] Загружено ордеров: 0 {"symbol": "all"}
[22:16:52] [INFO] Processing command {"id": 20, "symbol": "ETHUSDT", "side": "open"}
[22:16:56] [DEBUG] Загружено ордеров: 0 {"symbol": "all"}
[22:17:00] [DEBUG] Загружено ордеров: 0 {"symbol": "all"}
[22:17:04] [DEBUG] Загружено ордеров: 0 {"symbol": "all"}
[22:17:08] [DEBUG] Загружено ордеров: 0 {"symbol": "all"}
[22:17:12] [DEBUG] Загружено ордеров: 0 {"symbol": "all"}
[22:17:17] [DEBUG] Загружено ордеров: 0 {"symbol": "all"}
[22:17:21] [DEBUG] Загружено ордеров: 0 {"symbol": "all"}
[22:17:25] [DEBUG] Загружено ордеров: 0 {"symbol": "all"}
[22:17:29] [DEBUG] Загружено ордеров: 0 {"symbol": "all"}
[22:17:33] [DEBUG] Загружено ордеров: 0 {"symbol": "all"}
[22:17:35] [DEBUG] Загружено позиций: 0 {"symbol": "all"}
[22:17:35] [ERROR] Update balance error {"error": "'PositionService' object has no attribute 'fetch_open_orders'"}
[22:17:37] [DEBUG] Загружено ордеров: 0 {"symbol": "all"}
[22:17:41] [DEBUG] Загружено ордеров: 0 {"symbol": "all"}
[22:17:45] [DEBUG] Загружено ордеров: 0 {"symbol": "all"}
[22:17:50] [DEBUG] Загружено ордеров: 0 {"symbol": "all"}
[22:17:54] [DEBUG] Загружено ордеров: 0 {"symbol": "all"}
[22:17:58] [DEBUG] Загружено ордеров: 0 {"symbol": "all"}
[22:18:02] [DEBUG] Загружено ордеров: 0 {"symbol": "all"}
[22:18:06] [DEBUG] Загружено ордеров: 0 {"symbol": "all"}
[22:18:10] [DEBUG] Загружено ордеров: 0 {"symbol": "all"}
[22:18:15] [DEBUG] Загружено ордеров: 0 {"symbol": "all"}
[22:18:19] [DEBUG] Загружено ордеров: 0 {"symbol": "all"}
[22:18:23] [DEBUG] Загружено ордеров: 0 {"symbol": "all"}
[22:18:27] [DEBUG] Загружено ордеров: 0 {"symbol": "all"}
[22:18:31] [DEBUG] Загружено ордеров: 0 {"symbol": "all"}
[22:18:36] [DEBUG] Загружено позиций: 0 {"symbol": "all"}
[22:18:36] [ERROR] Update balance error {"error": "'PositionService' object has no attribute 'fetch_open_orders'"}
[22:18:36] [DEBUG] Загружено ордеров: 0 {"symbol": "all"}
[22:18:40] [DEBUG] Загружено ордеров: 0 {"symbol": "all"}
[22:18:44] [DEBUG] Загружено ордеров: 0 {"symbol": "all"}
[22:18:48] [DEBUG] Загружено ордеров: 0 {"symbol": "all"}
[22:18:52] [DEBUG] Загружено ордеров: 0 {"symbol": "all"}
[22:18:56] [DEBUG] Загружено ордеров: 0 {"symbol": "all"}
[22:19:00] [DEBUG] Загружено ордеров: 0 {"symbol": "all"}
[22:19:04] [DEBUG] Загружено ордеров: 0 {"symbol": "all"}
[22:19:08] [DEBUG] Загружено ордеров: 0 {"symbol": "all"}
[22:19:12] [DEBUG] Загружено ордеров: 0 {"symbol": "all"}
[22:19:17] [DEBUG] Загружено ордеров: 0 {"symbol": "all"}
[22:19:21] [DEBUG] Загружено ордеров: 0 {"symbol": "all"}
[22:19:25] [DEBUG] Загружено ордеров: 0 {"symbol": "all"}
[22:19:29] [DEBUG] Загружено ордеров: 0 {"symbol": "all"}
[22:19:33] [DEBUG] Загружено ордеров: 0 {"symbol": "all"}
[22:19:36] [DEBUG] Загружено позиций: 0 {"symbol": "all"}
[22:19:36] [ERROR] Update balance error {"error": "'PositionService' object has no attribute 'fetch_open_orders'"}
[22:19:38] [DEBUG] Загружено ордеров: 0 {"symbol": "all"}
[22:19:41] [DEBUG] Загружено ордеров: 0 {"symbol": "all"}
[22:19:46] [DEBUG] Загружено ордеров: 0 {"symbol": "all"}
[22:19:50] [DEBUG] Загружено ордеров: 0 {"symbol": "all"}
[22:19:54] [DEBUG] Загружено ордеров: 0 {"symbol": "all"}
[22:19:59] [DEBUG] Загружено ордеров: 0 {"symbol": "all"}
[22:20:03] [DEBUG] Загружено ордеров: 0 {"symbol": "all"}
[22:20:07] [DEBUG] Загружено ордеров: 0 {"symbol": "all"}
[22:20:11] [DEBUG] Загружено ордеров: 0 {"symbol": "all"}
[22:20:15] [DEBUG] Загружено ордеров: 0 {"symbol": "all"}
[22:20:20] [DEBUG] Загружено ордеров: 0 {"symbol": "all"}
[22:20:25] [DEBUG] Загружено ордеров: 0 {"symbol": "all"}
[22:20:29] [DEBUG] Загружено ордеров: 0 {"symbol": "all"}
[22:20:34] [DEBUG] Загружено ордеров: 0 {"symbol": "all"}
[22:20:37] [DEBUG] Загружено позиций: 0 {"symbol": "all"}
[22:20:37] [ERROR] Update balance error {"error": "'PositionService' object has no attribute 'fetch_open_orders'"}
[22:20:37] [DEBUG] Загружено ордеров: 0 {"symbol": "all"}
[22:20:41] [DEBUG] Загружено ордеров: 0 {"symbol": "all"}
[22:20:46] [DEBUG] Загружено ордеров: 0 {"symbol": "all"}
[22:20:51] [DEBUG] Загружено ордеров: 0 {"symbol": "all"}
[22:20:54] [DEBUG] Загружено ордеров: 0 {"symbol": "all"}
[22:21:01] [DEBUG] Загружено ордеров: 0 {"symbol": "all"}
[22:21:05] [DEBUG] Загружено ордеров: 0 {"symbol": "all"}
[22:21:09] [DEBUG] Загружено ордеров: 0 {"symbol": "all"}
[22:21:12] [DEBUG] Загружено ордеров: 0 {"symbol": "all"}
[22:21:17] [DEBUG] Загружено ордеров: 0 {"symbol": "all"}
[22:21:22] [DEBUG] Загружено ордеров: 0 {"symbol": "all"}
[22:21:26] [DEBUG] Загружено ордеров: 0 {"symbol": "all"}
[22:21:30] [DEBUG] Загружено ордеров: 0 {"symbol": "all"}
[22:21:34] [DEBUG] Загружено ордеров: 0 {"symbol": "all"}
[22:21:38] [DEBUG] Загружено позиций: 0 {"symbol": "all"}
[22:21:38] [ERROR] Update balance error {"error": "'PositionService' object has no attribute 'fetch_open_orders'"}
[22:21:38] [DEBUG] Загружено ордеров: 0 {"symbol": "all"}
[22:21:43] [DEBUG] Загружено ордеров: 0 {"symbol": "all"}
[22:21:47] [DEBUG] Загружено ордеров: 0 {"symbol": "all"}
[22:21:52] [DEBUG] Загружено ордеров: 0 {"symbol": "all"}
[22:21:55] [DEBUG] Загружено ордеров: 0 {"symbol": "all"}
[22:21:59] [DEBUG] Загружено ордеров: 0 {"symbol": "all"}
[22:22:03] [DEBUG] Загружено ордеров: 0 {"symbol": "all"}
[22:22:07] [DEBUG] Загружено ордеров: 0 {"symbol": "all"}
[22:22:12] [DEBUG] Загружено ордеров: 0 {"symbol": "all"}
[22:22:15] [DEBUG] Загружено ордеров: 0 {"symbol": "all"}
[22:22:20] [DEBUG] Загружено ордеров: 0 {"symbol": "all"}
[22:22:24] [DEBUG] Загружено ордеров: 0 {"symbol": "all"}
[22:22:28] [DEBUG] Загружено ордеров: 0 {"symbol": "all"}
[22:22:32] [DEBUG] Загружено ордеров: 0 {"symbol": "all"}
[22:29:00] [INFO] Loaded 2 symbols from DB
[22:29:00] [INFO] Авто-авторизация успешна
[22:29:08] [INFO] Bybit connected successfully
[22:29:09] [DEBUG] Загружено позиций: 0 {"symbol": "all"}
[22:29:09] [ERROR] Update balance error {"error": "'PositionService' object has no attribute 'fetch_open_orders'"}
[22:29:15] [INFO] Processing command {"id": 16, "symbol": "ETHUSDT", "side": "open"}
[22:29:16] [INFO] Trade opened and saved {"trade_id": 28}
[22:29:16] [INFO] Processing command {"id": 18, "symbol": "ETHUSDT", "side": "open"}
[22:29:18] [INFO] Trade opened and saved {"trade_id": 29}
[22:29:18] [INFO] Processing command {"id": 19, "symbol": "ETHUSDT", "side": "open"}
[22:29:20] [INFO] Trade opened and saved {"trade_id": 30}
[22:29:20] [INFO] Processing command {"id": 20, "symbol": "ETHUSDT", "side": "open"}
[22:29:22] [INFO] Trade opened and saved {"trade_id": 31}
[22:29:24] [DEBUG] Загружено ордеров: 0 {"symbol": "all"}
[22:29:27] [DEBUG] Загружено ордеров: 0 {"symbol": "all"}
[22:30:28] [INFO] Loaded 2 symbols from DB
[22:30:28] [INFO] Авто-авторизация успешна
[22:30:29] [INFO] Bybit connected successfully
[22:30:30] [DEBUG] Загружено позиций: 0 {"symbol": "all"}
[22:30:35] [INFO] Processing command {"id": 16, "symbol": "ETHUSDT", "side": "open"}
[22:30:37] [INFO] Trade opened and saved {"trade_id": 32}
[22:30:37] [INFO] Processing command {"id": 18, "symbol": "ETHUSDT", "side": "open"}
[22:30:39] [INFO] Trade opened and saved {"trade_id": 33}
[22:30:39] [INFO] Processing command {"id": 19, "symbol": "ETHUSDT", "side": "open"}
[22:30:41] [INFO] Trade opened and saved {"trade_id": 34}
[22:30:41] [INFO] Processing command {"id": 20, "symbol": "ETHUSDT", "side": "open"}
[22:30:43] [INFO] Trade opened and saved {"trade_id": 35}
[22:30:44] [DEBUG] Загружено ордеров: 0 {"symbol": "all"}
[22:30:47] [DEBUG] Загружено ордеров: 0 {"symbol": "all"}
[22:30:51] [DEBUG] Загружено ордеров: 0 {"symbol": "all"}
[22:30:55] [DEBUG] Загружено ордеров: 0 {"symbol": "all"}
[22:30:59] [DEBUG] Загружено ордеров: 0 {"symbol": "all"}
[22:31:03] [DEBUG] Загружено ордеров: 0 {"symbol": "all"}
[22:31:07] [DEBUG] Загружено ордеров: 0 {"symbol": "all"}
[22:31:11] [DEBUG] Загружено ордеров: 0 {"symbol": "all"}
[22:31:15] [DEBUG] Загружено ордеров: 0 {"symbol": "all"}
[22:31:20] [DEBUG] Загружено ордеров: 0 {"symbol": "all"}
[22:31:24] [DEBUG] Загружено ордеров: 0 {"symbol": "all"}
[22:31:28] [DEBUG] Загружено ордеров: 0 {"symbol": "all"}
[22:31:33] [DEBUG] Загружено позиций: 0 {"symbol": "all"}
[22:31:33] [DEBUG] Загружено ордеров: 0 {"symbol": "all"}
[22:31:37] [DEBUG] Загружено ордеров: 0 {"symbol": "all"}
[22:31:41] [DEBUG] Загружено ордеров: 0 {"symbol": "all"}
[22:31:46] [DEBUG] Загружено ордеров: 0 {"symbol": "all"}
[22:31:49] [DEBUG] Загружено ордеров: 0 {"symbol": "all"}
[22:31:53] [DEBUG] Загружено ордеров: 0 {"symbol": "all"}
[22:31:57] [DEBUG] Загружено ордеров: 0 {"symbol": "all"}
[22:32:01] [DEBUG] Загружено ордеров: 0 {"symbol": "all"}
[22:32:07] [DEBUG] Загружено ордеров: 0 {"symbol": "all"}
[22:32:11] [DEBUG] Загружено ордеров: 0 {"symbol": "all"}
[22:32:15] [DEBUG] Загружено ордеров: 0 {"symbol": "all"}
[22:32:18] [DEBUG] Загружено ордеров: 0 {"symbol": "all"}
[22:32:22] [DEBUG] Загружено ордеров: 0 {"symbol": "all"}
[22:32:27] [DEBUG] Загружено ордеров: 0 {"symbol": "all"}
[22:32:31] [DEBUG] Загружено ордеров: 0 {"symbol": "all"}
[22:32:33] [DEBUG] Загружено позиций: 0 {"symbol": "all"}
[22:32:35] [DEBUG] Загружено ордеров: 0 {"symbol": "all"}
[22:32:39] [DEBUG] Загружено ордеров: 0 {"symbol": "all"}
[22:32:43] [DEBUG] Загружено ордеров: 0 {"symbol": "all"}
[22:32:48] [DEBUG] Загружено ордеров: 0 {"symbol": "all"}
[22:32:51] [DEBUG] Загружено ордеров: 0 {"symbol": "all"}
[22:32:55] [DEBUG] Загружено ордеров: 0 {"symbol": "all"}
[22:32:59] [DEBUG] Загружено ордеров: 0 {"symbol": "all"}
[22:33:04] [DEBUG] Загружено ордеров: 0 {"symbol": "all"}
[22:33:58] [INFO] Loaded 2 symbols from DB
[22:33:59] [INFO] Авто-авторизация успешна
[22:34:00] [INFO] Bybit connected successfully
[22:34:00] [DEBUG] Загружено позиций: 0 {"symbol": "all"}
[22:34:06] [INFO] Processing command {"id": 16, "symbol": "ETHUSDT", "side": "open"}
[22:34:07] [INFO] Trade opened and saved {"trade_id": 36}
[22:34:07] [INFO] Processing command {"id": 18, "symbol": "ETHUSDT", "side": "open"}
[22:34:09] [INFO] Trade opened and saved {"trade_id": 37}
[22:34:09] [INFO] Processing command {"id": 19, "symbol": "ETHUSDT", "side": "open"}
[22:34:11] [INFO] Trade opened and saved {"trade_id": 38}
[22:34:11] [INFO] Processing command {"id": 20, "symbol": "ETHUSDT", "side": "open"}
[22:34:13] [INFO] Trade opened and saved {"trade_id": 39}
[22:34:14] [DEBUG] Загружено ордеров: 0 {"symbol": "all"}
[22:34:17] [DEBUG] Загружено ордеров: 0 {"symbol": "all"}
[22:34:21] [DEBUG] Загружено ордеров: 0 {"symbol": "all"}
[22:34:25] [DEBUG] Загружено ордеров: 0 {"symbol": "all"}
[22:34:29] [DEBUG] Загружено ордеров: 0 {"symbol": "all"}
[22:34:33] [DEBUG] Загружено ордеров: 0 {"symbol": "all"}
[22:34:37] [DEBUG] Загружено ордеров: 0 {"symbol": "all"}
[22:38:11] [INFO] Loaded 2 symbols from DB
[22:38:11] [INFO] Авто-авторизация успешна
[22:38:12] [INFO] Bybit connected successfully
[22:38:13] [DEBUG] Загружено позиций: 0 {"symbol": "all"}
[22:38:18] [INFO] Processing command {"id": 16, "symbol": "ETHUSDT", "side": "open"}
[22:38:19] [INFO] Trade opened and saved {"trade_id": 40}
[22:38:19] [INFO] Processing command {"id": 18, "symbol": "ETHUSDT", "side": "open"}
[22:38:21] [INFO] Trade opened and saved {"trade_id": 41}
[22:38:21] [INFO] Processing command {"id": 19, "symbol": "ETHUSDT", "side": "open"}
[22:38:23] [INFO] Trade opened and saved {"trade_id": 42}
[22:38:23] [INFO] Processing command {"id": 20, "symbol": "ETHUSDT", "side": "open"}
[22:43:38] [INFO] Loaded 2 symbols from DB
[22:43:38] [INFO] Авто-авторизация успешна
[22:43:39] [INFO] Bybit connected successfully
[22:43:40] [DEBUG] Загружено позиций: 0 {"symbol": "all"}
[22:43:45] [INFO] Processing command {"id": 16, "symbol": "ETHUSDT", "side": "open"}
[22:43:47] [INFO] Trade opened and saved {"trade_id": 43}
[22:43:47] [INFO] Processing command {"id": 18, "symbol": "ETHUSDT", "side": "open"}
[22:43:49] [INFO] Trade opened and saved {"trade_id": 44}
[22:43:49] [INFO] Processing command {"id": 19, "symbol": "ETHUSDT", "side": "open"}
[22:43:50] [INFO] Trade opened and saved {"trade_id": 45}
[22:43:50] [INFO] Processing command {"id": 20, "symbol": "ETHUSDT", "side": "open"}
[22:43:52] [INFO] Trade opened and saved {"trade_id": 46}
[22:43:53] [DEBUG] Загружено ордеров: 1 {"symbol": "all"}
[22:43:53] [ERROR] Update orders error {"error": "'OrderService' object has no attribute 'fetch_order_history'"}
[22:43:56] [DEBUG] Загружено ордеров: 1 {"symbol": "all"}
[22:43:56] [ERROR] Update orders error {"error": "'OrderService' object has no attribute 'fetch_order_history'"}
[22:44:00] [DEBUG] Загружено ордеров: 1 {"symbol": "all"}
[22:44:00] [ERROR] Update orders error {"error": "'OrderService' object has no attribute 'fetch_order_history'"}
[22:44:04] [DEBUG] Загружено ордеров: 1 {"symbol": "all"}
[22:44:04] [ERROR] Update orders error {"error": "'OrderService' object has no attribute 'fetch_order_history'"}
[22:44:28] [INFO] Loaded 2 symbols from DB
[22:44:28] [INFO] Авто-авторизация успешна
[22:44:29] [INFO] Bybit connected successfully
[22:44:30] [DEBUG] Загружено позиций: 0 {"symbol": "all"}
[22:44:34] [INFO] Processing command {"id": 16, "symbol": "ETHUSDT", "side": "open"}
[22:44:36] [INFO] Trade opened and saved {"trade_id": 47}
[22:44:36] [INFO] Processing command {"id": 18, "symbol": "ETHUSDT", "side": "open"}
[22:44:38] [INFO] Trade opened and saved {"trade_id": 48}
[22:44:38] [INFO] Processing command {"id": 19, "symbol": "ETHUSDT", "side": "open"}
[22:44:39] [INFO] Trade opened and saved {"trade_id": 49}
[22:44:39] [INFO] Processing command {"id": 20, "symbol": "ETHUSDT", "side": "open"}
[22:44:42] [INFO] Trade opened and saved {"trade_id": 50}
[22:44:44] [DEBUG] Загружено ордеров: 1 {"symbol": "all"}
[22:44:44] [DEBUG] Загружено исполненных ордеров: 20 {"symbol": "all"}
[22:44:47] [DEBUG] Загружено ордеров: 1 {"symbol": "all"}
[22:44:47] [DEBUG] Загружено исполненных ордеров: 20 {"symbol": "all"}
[22:44:51] [DEBUG] Загружено ордеров: 1 {"symbol": "all"}
[22:44:51] [DEBUG] Загружено исполненных ордеров: 20 {"symbol": "all"}
[22:44:55] [DEBUG] Загружено ордеров: 1 {"symbol": "all"}
[22:44:55] [DEBUG] Загружено исполненных ордеров: 20 {"symbol": "all"}
[22:44:59] [DEBUG] Загружено ордеров: 1 {"symbol": "all"}
[22:45:00] [DEBUG] Загружено исполненных ордеров: 20 {"symbol": "all"}
[22:45:05] [DEBUG] Загружено ордеров: 1 {"symbol": "all"}
[22:45:05] [DEBUG] Загружено исполненных ордеров: 20 {"symbol": "all"}
[22:47:58] [INFO] Loaded 2 symbols from DB
[22:47:58] [INFO] Авто-авторизация успешна
[22:47:59] [INFO] Bybit connected successfully
[22:48:00] [DEBUG] Загружено позиций: 0 {"symbol": "all"}
[22:48:05] [INFO] Processing command {"id": 16, "symbol": "ETHUSDT", "side": "open"}
[22:48:07] [INFO] Trade opened and saved {"trade_id": 51}
[22:48:07] [INFO] Processing command {"id": 18, "symbol": "ETHUSDT", "side": "open"}
[22:48:13] [INFO] Trade opened and saved {"trade_id": 52}
[22:48:13] [INFO] Processing command {"id": 19, "symbol": "ETHUSDT", "side": "open"}
[22:48:15] [INFO] Trade opened and saved {"trade_id": 53}
[22:48:15] [INFO] Processing command {"id": 20, "symbol": "ETHUSDT", "side": "open"}
[22:48:17] [INFO] Trade opened and saved {"trade_id": 54}
[22:48:22] [DEBUG] Загружено ордеров: 1 {"symbol": "all"}
[22:48:23] [DEBUG] Загружено исполненных ордеров: 20 {"symbol": "all"}
[22:48:25] [DEBUG] Загружено ордеров: 1 {"symbol": "all"}
[22:48:25] [DEBUG] Загружено исполненных ордеров: 20 {"symbol": "all"}
[22:48:28] [DEBUG] Загружено ордеров: 1 {"symbol": "all"}
[22:48:29] [DEBUG] Загружено исполненных ордеров: 20 {"symbol": "all"}
[23:06:11] [INFO] Loaded 2 symbols from DB
[23:06:11] [INFO] Авто-авторизация успешна
[23:06:13] [INFO] Bybit connected successfully
[23:06:13] [DEBUG] Загружено позиций: 0 {"symbol": "all"}
[23:06:19] [INFO] Processing command {"id": 16, "symbol": "ETHUSDT", "side": "open"}
[23:06:20] [INFO] Trade opened and saved {"trade_id": 55}
[23:06:20] [INFO] Processing command {"id": 18, "symbol": "ETHUSDT", "side": "open"}
[23:06:22] [INFO] Trade opened and saved {"trade_id": 56}
[23:06:22] [INFO] Processing command {"id": 19, "symbol": "ETHUSDT", "side": "open"}
[23:06:24] [INFO] Trade opened and saved {"trade_id": 57}
[23:06:24] [INFO] Processing command {"id": 20, "symbol": "ETHUSDT", "side": "open"}
[23:06:26] [INFO] Trade opened and saved {"trade_id": 58}
[23:06:28] [DEBUG] Загружено ордеров: 1 {"symbol": "all"}
[23:06:29] [DEBUG] Загружено исполненных ордеров: 20 {"symbol": "all"}
[23:06:30] [DEBUG] Загружено ордеров: 1 {"symbol": "all"}
[23:06:30] [DEBUG] Загружено исполненных ордеров: 20 {"symbol": "all"}
[23:11:46] [INFO] Loaded 2 symbols from DB
[23:11:46] [INFO] Авто-авторизация успешна
[23:11:47] [INFO] Bybit connected successfully
[23:11:47] [DEBUG] Загружено позиций: 0 {"symbol": "all"}
[23:11:52] [INFO] Processing command {"id": 16, "symbol": "ETHUSDT", "side": "open"}
[23:11:54] [INFO] Trade opened and saved {"trade_id": 59}
[23:11:54] [INFO] Processing command {"id": 18, "symbol": "ETHUSDT", "side": "open"}
[23:11:56] [INFO] Trade opened and saved {"trade_id": 60}
[23:11:56] [INFO] Processing command {"id": 19, "symbol": "ETHUSDT", "side": "open"}
[23:11:58] [INFO] Trade opened and saved {"trade_id": 61}
[23:11:58] [INFO] Processing command {"id": 20, "symbol": "ETHUSDT", "side": "open"}
[23:12:00] [INFO] Trade opened and saved {"trade_id": 62}
[23:12:02] [DEBUG] Загружено ордеров: 1 {"symbol": "all"}
[23:12:02] [DEBUG] Загружено исполненных ордеров: 20 {"symbol": "all"}
[23:14:57] [INFO] Loaded 2 symbols from DB
[23:14:57] [INFO] Авто-авторизация успешна
[23:14:58] [INFO] Bybit connected successfully
[23:14:59] [DEBUG] Загружено позиций: 0 {"symbol": "all"}
[23:15:04] [INFO] Processing command {"id": 16, "symbol": "ETHUSDT", "side": "open"}
[23:15:06] [INFO] Trade opened and saved {"trade_id": 63}
[23:15:06] [INFO] Processing command {"id": 18, "symbol": "ETHUSDT", "side": "open"}
[23:15:08] [INFO] Trade opened and saved {"trade_id": 64}
[23:15:08] [INFO] Processing command {"id": 19, "symbol": "ETHUSDT", "side": "open"}
[23:15:09] [INFO] Trade opened and saved {"trade_id": 65}
[23:15:09] [INFO] Processing command {"id": 20, "symbol": "ETHUSDT", "side": "open"}
[23:15:11] [INFO] Trade opened and saved {"trade_id": 66}
[23:15:13] [DEBUG] Загружено ордеров: 1 {"symbol": "all"}
[23:15:13] [DEBUG] Загружено исполненных ордеров: 20 {"symbol": "all"}
[23:15:16] [DEBUG] Загружено ордеров: 1 {"symbol": "all"}
[23:15:16] [DEBUG] Загружено исполненных ордеров: 20 {"symbol": "all"}
[23:18:57] [INFO] Loaded 2 symbols from DB
[23:18:57] [INFO] Авто-авторизация успешна
[23:18:58] [INFO] Bybit connected successfully
[23:18:59] [DEBUG] Загружено позиций: 0 {"symbol": "all"}
[23:19:04] [INFO] Processing command {"id": 16, "symbol": "ETHUSDT", "side": "open"}
[23:19:05] [INFO] Trade opened and saved {"trade_id": 67}
[23:19:05] [INFO] Processing command {"id": 18, "symbol": "ETHUSDT", "side": "open"}
[23:19:07] [INFO] Trade opened and saved {"trade_id": 68}
[23:19:07] [INFO] Processing command {"id": 19, "symbol": "ETHUSDT", "side": "open"}
[23:19:09] [INFO] Trade opened and saved {"trade_id": 69}
[23:19:09] [INFO] Processing command {"id": 20, "symbol": "ETHUSDT", "side": "open"}
[23:19:11] [INFO] Trade opened and saved {"trade_id": 70}
[23:19:13] [DEBUG] Загружено ордеров: 1 {"symbol": "all"}
[23:19:13] [DEBUG] Загружено исполненных ордеров: 20 {"symbol": "all"}
[23:19:16] [DEBUG] Загружено ордеров: 1 {"symbol": "all"}
[23:19:16] [DEBUG] Загружено исполненных ордеров: 20 {"symbol": "all"}
[23:23:36] [INFO] Loaded 2 symbols from DB
[23:23:36] [INFO] Авто-авторизация успешна
[23:23:37] [INFO] Bybit connected successfully
[23:23:38] [DEBUG] Загружено позиций: 0 {"symbol": "all"}
[23:23:43] [INFO] Processing command {"id": 16, "symbol": "ETHUSDT", "side": "open"}
[23:23:44] [INFO] Trade opened and saved {"trade_id": 71}
[23:23:44] [INFO] Processing command {"id": 18, "symbol": "ETHUSDT", "side": "open"}
[23:23:46] [INFO] Trade opened and saved {"trade_id": 72}
[23:23:46] [INFO] Processing command {"id": 19, "symbol": "ETHUSDT", "side": "open"}
[23:23:48] [INFO] Trade opened and saved {"trade_id": 73}
[23:23:48] [INFO] Processing command {"id": 20, "symbol": "ETHUSDT", "side": "open"}
[23:23:50] [INFO] Trade opened and saved {"trade_id": 74}
[23:23:51] [DEBUG] Загружено ордеров: 1 {"symbol": "all"}
[23:23:52] [DEBUG] Загружено исполненных ордеров: 20 {"symbol": "all"}
[23:23:55] [DEBUG] Загружено ордеров: 1 {"symbol": "all"}
[23:23:55] [DEBUG] Загружено исполненных ордеров: 20 {"symbol": "all"}
[23:23:58] [DEBUG] Загружено ордеров: 1 {"symbol": "all"}
[23:23:58] [DEBUG] Загружено исполненных ордеров: 20 {"symbol": "all"}
[23:24:02] [DEBUG] Загружено ордеров: 1 {"symbol": "all"}
[23:24:03] [DEBUG] Загружено исполненных ордеров: 20 {"symbol": "all"}
[23:24:06] [DEBUG] Загружено ордеров: 1 {"symbol": "all"}
[23:24:07] [DEBUG] Загружено исполненных ордеров: 20 {"symbol": "all"}
[23:24:11] [DEBUG] Загружено ордеров: 1 {"symbol": "all"}
[23:24:11] [DEBUG] Загружено исполненных ордеров: 20 {"symbol": "all"}
[23:24:15] [DEBUG] Загружено ордеров: 1 {"symbol": "all"}
[23:24:15] [DEBUG] Загружено исполненных ордеров: 20 {"symbol": "all"}
[23:24:19] [DEBUG] Загружено ордеров: 1 {"symbol": "all"}
[23:24:20] [DEBUG] Загружено исполненных ордеров: 20 {"symbol": "all"}
[23:24:24] [DEBUG] Загружено ордеров: 1 {"symbol": "all"}
[23:24:24] [DEBUG] Загружено исполненных ордеров: 20 {"symbol": "all"}
[23:24:29] [DEBUG] Загружено ордеров: 1 {"symbol": "all"}
[23:24:29] [DEBUG] Загружено исполненных ордеров: 20 {"symbol": "all"}
[23:24:33] [DEBUG] Загружено ордеров: 1 {"symbol": "all"}
[23:24:33] [DEBUG] Загружено исполненных ордеров: 20 {"symbol": "all"}
[23:24:36] [DEBUG] Загружено ордеров: 1 {"symbol": "all"}
[23:24:37] [DEBUG] Загружено исполненных ордеров: 20 {"symbol": "all"}
[23:24:39] [INFO] Processing command {"id": 21, "symbol": "ETHUSDT", "side": "open"}
[23:24:41] [INFO] Trade opened and saved {"trade_id": 75}
[23:24:43] [DEBUG] Загружено позиций: 0 {"symbol": "all"}
[23:24:43] [DEBUG] Загружено ордеров: 1 {"symbol": "all"}
[23:24:43] [DEBUG] Загружено исполненных ордеров: 20 {"symbol": "all"}
[23:24:46] [DEBUG] Загружено ордеров: 1 {"symbol": "all"}
[23:24:46] [DEBUG] Загружено исполненных ордеров: 20 {"symbol": "all"}
[23:24:49] [DEBUG] Загружено ордеров: 1 {"symbol": "all"}
[23:24:50] [DEBUG] Загружено исполненных ордеров: 20 {"symbol": "all"}
[23:24:54] [DEBUG] Загружено ордеров: 1 {"symbol": "all"}
[23:24:54] [DEBUG] Загружено исполненных ордеров: 20 {"symbol": "all"}
[23:24:58] [DEBUG] Загружено ордеров: 1 {"symbol": "all"}
[23:24:59] [DEBUG] Загружено исполненных ордеров: 20 {"symbol": "all"}
[23:25:02] [DEBUG] Загружено ордеров: 1 {"symbol": "all"}
[23:25:03] [DEBUG] Загружено исполненных ордеров: 20 {"symbol": "all"}
[23:25:06] [DEBUG] Загружено ордеров: 1 {"symbol": "all"}
[23:25:07] [DEBUG] Загружено исполненных ордеров: 20 {"symbol": "all"}
[23:25:10] [DEBUG] Загружено ордеров: 1 {"symbol": "all"}
[23:25:11] [DEBUG] Загружено исполненных ордеров: 20 {"symbol": "all"}
[23:29:58] [INFO] Loaded 2 symbols from DB
[23:29:58] [INFO] Авто-авторизация успешна
[23:30:00] [INFO] Bybit connected successfully
[23:30:00] [DEBUG] Загружено позиций: 0 {"symbol": "all"}
[23:30:05] [INFO] Processing command {"id": 16, "symbol": "ETHUSDT", "side": "open"}
[23:30:07] [INFO] Trade opened and saved {"trade_id": 76}
[23:30:07] [INFO] Processing command {"id": 18, "symbol": "ETHUSDT", "side": "open"}
[23:30:09] [INFO] Trade opened and saved {"trade_id": 77}
[23:30:09] [INFO] Processing command {"id": 19, "symbol": "ETHUSDT", "side": "open"}
[23:30:10] [INFO] Trade opened and saved {"trade_id": 78}
[23:30:10] [INFO] Processing command {"id": 20, "symbol": "ETHUSDT", "side": "open"}
[23:30:12] [INFO] Trade opened and saved {"trade_id": 79}
[23:30:12] [INFO] Processing command {"id": 21, "symbol": "ETHUSDT", "side": "open"}
[23:30:14] [INFO] Trade opened and saved {"trade_id": 80}
[23:30:16] [DEBUG] Загружено ордеров: 1 {"symbol": "all"}
[23:30:16] [DEBUG] Загружено исполненных ордеров: 20 {"symbol": "all"}
[23:30:18] [DEBUG] Загружено ордеров: 1 {"symbol": "all"}
[23:30:18] [DEBUG] Загружено исполненных ордеров: 20 {"symbol": "all"}
[23:30:22] [DEBUG] Загружено ордеров: 1 {"symbol": "all"}
[23:30:23] [DEBUG] Загружено исполненных ордеров: 20 {"symbol": "all"}
[23:30:26] [DEBUG] Загружено ордеров: 1 {"symbol": "all"}
[23:30:27] [DEBUG] Загружено исполненных ордеров: 20 {"symbol": "all"}
[23:30:31] [DEBUG] Загружено ордеров: 1 {"symbol": "all"}
[23:30:31] [DEBUG] Загружено исполненных ордеров: 20 {"symbol": "all"}
[23:30:35] [DEBUG] Загружено ордеров: 1 {"symbol": "all"}
[23:30:35] [DEBUG] Загружено исполненных ордеров: 20 {"symbol": "all"}
[23:30:39] [DEBUG] Загружено ордеров: 1 {"symbol": "all"}
[23:30:40] [DEBUG] Загружено исполненных ордеров: 20 {"symbol": "all"}
[23:30:43] [DEBUG] Загружено ордеров: 1 {"symbol": "all"}
[23:30:44] [DEBUG] Загружено исполненных ордеров: 20 {"symbol": "all"}
[23:30:47] [DEBUG] Загружено ордеров: 1 {"symbol": "all"}
[23:30:48] [DEBUG] Загружено исполненных ордеров: 20 {"symbol": "all"}
[23:30:52] [DEBUG] Загружено ордеров: 1 {"symbol": "all"}
[23:30:53] [DEBUG] Загружено исполненных ордеров: 20 {"symbol": "all"}
[23:30:56] [DEBUG] Загружено ордеров: 1 {"symbol": "all"}
[23:30:56] [DEBUG] Загружено исполненных ордеров: 20 {"symbol": "all"}
[23:33:27] [INFO] Loaded 2 symbols from DB
[23:33:27] [INFO] Авто-авторизация успешна
[23:33:29] [INFO] Bybit connected successfully
[23:33:29] [DEBUG] Загружено позиций: 0 {"symbol": "all"}
[23:33:34] [INFO] Processing command {"id": 16, "symbol": "ETHUSDT", "side": "open"}
[23:33:36] [INFO] Trade opened and saved {"trade_id": 81}
[23:33:36] [INFO] Processing command {"id": 18, "symbol": "ETHUSDT", "side": "open"}
[23:33:37] [INFO] Trade opened and saved {"trade_id": 82}
[23:33:37] [INFO] Processing command {"id": 19, "symbol": "ETHUSDT", "side": "open"}
[23:33:39] [INFO] Trade opened and saved {"trade_id": 83}
[23:33:39] [INFO] Processing command {"id": 20, "symbol": "ETHUSDT", "side": "open"}
[23:33:40] [INFO] Trade opened and saved {"trade_id": 84}
[23:33:40] [INFO] Processing command {"id": 21, "symbol": "ETHUSDT", "side": "open"}
[23:33:42] [INFO] Trade opened and saved {"trade_id": 85}
[23:33:43] [DEBUG] Загружено ордеров: 1 {"symbol": "all"}
[23:33:44] [DEBUG] Загружено исполненных ордеров: 20 {"symbol": "all"}
[23:33:46] [DEBUG] Загружено ордеров: 1 {"symbol": "all"}
[23:33:47] [DEBUG] Загружено исполненных ордеров: 20 {"symbol": "all"}
[23:33:50] [DEBUG] Загружено ордеров: 1 {"symbol": "all"}
[23:33:51] [DEBUG] Загружено исполненных ордеров: 20 {"symbol": "all"}
[23:33:54] [DEBUG] Загружено ордеров: 1 {"symbol": "all"}
[23:33:55] [DEBUG] Загружено исполненных ордеров: 20 {"symbol": "all"}
[23:33:59] [DEBUG] Загружено ордеров: 1 {"symbol": "all"}
[23:34:00] [DEBUG] Загружено исполненных ордеров: 20 {"symbol": "all"}
[23:34:04] [DEBUG] Загружено ордеров: 1 {"symbol": "all"}
[23:34:05] [DEBUG] Загружено исполненных ордеров: 20 {"symbol": "all"}
[23:34:09] [DEBUG] Загружено ордеров: 1 {"symbol": "all"}
[23:34:09] [DEBUG] Загружено исполненных ордеров: 20 {"symbol": "all"}
[23:34:13] [DEBUG] Загружено ордеров: 1 {"symbol": "all"}
[23:34:14] [DEBUG] Загружено исполненных ордеров: 20 {"symbol": "all"}
[23:34:17] [DEBUG] Загружено ордеров: 1 {"symbol": "all"}
[23:34:17] [DEBUG] Загружено исполненных ордеров: 20 {"symbol": "all"}
[23:34:21] [DEBUG] Загружено ордеров: 1 {"symbol": "all"}
[23:34:22] [DEBUG] Загружено исполненных ордеров: 20 {"symbol": "all"}
[23:34:26] [DEBUG] Загружено ордеров: 1 {"symbol": "all"}
[23:34:27] [DEBUG] Загружено исполненных ордеров: 20 {"symbol": "all"}
[23:34:30] [DEBUG] Загружено ордеров: 1 {"symbol": "all"}
[23:34:30] [DEBUG] Загружено исполненных ордеров: 20 {"symbol": "all"}
[23:34:31] [DEBUG] Загружено позиций: 0 {"symbol": "all"}
[23:34:35] [DEBUG] Загружено ордеров: 1 {"symbol": "all"}
[23:34:36] [DEBUG] Загружено исполненных ордеров: 20 {"symbol": "all"}
[23:34:40] [DEBUG] Загружено ордеров: 1 {"symbol": "all"}
[23:34:41] [DEBUG] Загружено исполненных ордеров: 20 {"symbol": "all"}
[23:34:45] [DEBUG] Загружено ордеров: 1 {"symbol": "all"}
[23:34:46] [DEBUG] Загружено исполненных ордеров: 20 {"symbol": "all"}
[23:34:50] [DEBUG] Загружено ордеров: 1 {"symbol": "all"}
[23:34:50] [DEBUG] Загружено исполненных ордеров: 20 {"symbol": "all"}
[23:34:54] [DEBUG] Загружено ордеров: 1 {"symbol": "all"}
[23:34:54] [DEBUG] Загружено исполненных ордеров: 20 {"symbol": "all"}
[23:34:58] [DEBUG] Загружено ордеров: 1 {"symbol": "all"}
[23:34:58] [DEBUG] Загружено исполненных ордеров: 20 {"symbol": "all"}
[23:35:02] [DEBUG] Загружено ордеров: 1 {"symbol": "all"}
[23:35:02] [DEBUG] Загружено исполненных ордеров: 20 {"symbol": "all"}
[23:35:07] [DEBUG] Загружено ордеров: 1 {"symbol": "all"}
[23:35:07] [DEBUG] Загружено исполненных ордеров: 20 {"symbol": "all"}
[23:35:12] [DEBUG] Загружено ордеров: 1 {"symbol": "all"}
[23:35:12] [DEBUG] Загружено исполненных ордеров: 20 {"symbol": "all"}
[23:35:15] [DEBUG] Загружено ордеров: 1 {"symbol": "all"}
[23:35:16] [DEBUG] Загружено исполненных ордеров: 20 {"symbol": "all"}
[23:35:19] [DEBUG] Загружено ордеров: 1 {"symbol": "all"}
[23:35:20] [DEBUG] Загружено исполненных ордеров: 20 {"symbol": "all"}
[23:35:24] [DEBUG] Загружено ордеров: 1 {"symbol": "all"}
[23:35:24] [DEBUG] Загружено исполненных ордеров: 20 {"symbol": "all"}
[23:35:28] [DEBUG] Загружено ордеров: 1 {"symbol": "all"}
[23:35:29] [DEBUG] Загружено исполненных ордеров: 20 {"symbol": "all"}
[23:35:32] [DEBUG] Загружено позиций: 0 {"symbol": "all"}
[23:35:34] [DEBUG] Загружено ордеров: 1 {"symbol": "all"}
[23:35:34] [DEBUG] Загружено исполненных ордеров: 20 {"symbol": "all"}
[23:35:36] [DEBUG] Загружено ордеров: 1 {"symbol": "all"}
[23:35:37] [DEBUG] Загружено исполненных ордеров: 20 {"symbol": "all"}
[23:35:41] [DEBUG] Загружено ордеров: 1 {"symbol": "all"}
[23:35:41] [DEBUG] Загружено исполненных ордеров: 20 {"symbol": "all"}
[23:35:45] [DEBUG] Загружено ордеров: 1 {"symbol": "all"}
[23:35:46] [DEBUG] Загружено исполненных ордеров: 20 {"symbol": "all"}
[23:35:49] [DEBUG] Загружено ордеров: 1 {"symbol": "all"}
[23:35:50] [DEBUG] Загружено исполненных ордеров: 20 {"symbol": "all"}
[23:35:54] [DEBUG] Загружено ордеров: 1 {"symbol": "all"}
[23:35:55] [DEBUG] Загружено исполненных ордеров: 20 {"symbol": "all"}
[23:35:58] [DEBUG] Загружено ордеров: 1 {"symbol": "all"}
[23:35:58] [DEBUG] Загружено исполненных ордеров: 20 {"symbol": "all"}
[23:36:02] [DEBUG] Загружено ордеров: 1 {"symbol": "all"}
[23:36:02] [DEBUG] Загружено исполненных ордеров: 20 {"symbol": "all"}
[23:36:06] [DEBUG] Загружено ордеров: 1 {"symbol": "all"}
[23:36:06] [DEBUG] Загружено исполненных ордеров: 20 {"symbol": "all"}
[23:36:10] [DEBUG] Загружено ордеров: 1 {"symbol": "all"}
[23:36:10] [DEBUG] Загружено исполненных ордеров: 20 {"symbol": "all"}
[23:36:15] [DEBUG] Загружено ордеров: 1 {"symbol": "all"}
[23:36:15] [DEBUG] Загружено исполненных ордеров: 20 {"symbol": "all"}
[23:36:18] [DEBUG] Загружено ордеров: 1 {"symbol": "all"}
[23:36:19] [DEBUG] Загружено исполненных ордеров: 20 {"symbol": "all"}
[23:36:23] [DEBUG] Загружено ордеров: 1 {"symbol": "all"}
[23:36:23] [DEBUG] Загружено исполненных ордеров: 20 {"symbol": "all"}
[23:36:27] [DEBUG] Загружено ордеров: 1 {"symbol": "all"}
[23:36:27] [DEBUG] Загружено исполненных ордеров: 20 {"symbol": "all"}
[23:36:31] [DEBUG] Загружено ордеров: 1 {"symbol": "all"}
[23:36:31] [DEBUG] Загружено исполненных ордеров: 20 {"symbol": "all"}
[23:36:32] [DEBUG] Загружено позиций: 0 {"symbol": "all"}
[23:36:36] [DEBUG] Загружено ордеров: 1 {"symbol": "all"}
[23:36:36] [DEBUG] Загружено исполненных ордеров: 20 {"symbol": "all"}
[23:36:43] [INFO] Loaded 2 symbols from DB
[23:36:43] [INFO] Авто-авторизация успешна
[23:36:43] [ERROR] Unhandled exception {"error": "Invalid column index id"}
[23:37:04] [INFO] Loaded 2 symbols from DB
[23:37:04] [INFO] Авто-авторизация успешна
[23:37:05] [INFO] Bybit connected successfully
[23:37:06] [DEBUG] Загружено позиций: 0 {"symbol": "all"}
[23:37:11] [INFO] Processing command {"id": 16, "symbol": "ETHUSDT", "side": "open"}
[23:37:13] [INFO] Trade opened and saved {"trade_id": 86}
[23:37:13] [INFO] Processing command {"id": 18, "symbol": "ETHUSDT", "side": "open"}
[23:37:14] [INFO] Trade opened and saved {"trade_id": 87}
[23:37:14] [INFO] Processing command {"id": 19, "symbol": "ETHUSDT", "side": "open"}
[23:37:16] [INFO] Trade opened and saved {"trade_id": 88}
[23:37:16] [INFO] Processing command {"id": 20, "symbol": "ETHUSDT", "side": "open"}
[23:37:18] [INFO] Trade opened and saved {"trade_id": 89}
[23:37:18] [INFO] Processing command {"id": 21, "symbol": "ETHUSDT", "side": "open"}
[23:37:19] [INFO] Trade opened and saved {"trade_id": 90}
[23:37:21] [DEBUG] Загружено ордеров: 1 {"symbol": "all"}
[23:37:22] [DEBUG] Загружено исполненных ордеров: 20 {"symbol": "all"}
[23:37:24] [DEBUG] Загружено ордеров: 1 {"symbol": "all"}
[23:37:25] [DEBUG] Загружено исполненных ордеров: 20 {"symbol": "all"}
[23:37:29] [DEBUG] Загружено ордеров: 1 {"symbol": "all"}
[23:37:33] [DEBUG] Загружено исполненных ордеров: 20 {"symbol": "all"}
[23:37:51] [DEBUG] Загружено ордеров: 1 {"symbol": "all"}
[23:37:52] [DEBUG] Загружено исполненных ордеров: 20 {"symbol": "all"}
[23:37:54] [DEBUG] Загружено ордеров: 1 {"symbol": "all"}
[23:37:55] [DEBUG] Загружено исполненных ордеров: 20 {"symbol": "all"}
[23:37:57] [DEBUG] Загружено ордеров: 1 {"symbol": "all"}
[23:37:58] [DEBUG] Загружено исполненных ордеров: 20 {"symbol": "all"}
[23:38:02] [DEBUG] Загружено ордеров: 1 {"symbol": "all"}
[23:38:02] [DEBUG] Загружено исполненных ордеров: 20 {"symbol": "all"}
[23:38:06] [DEBUG] Загружено ордеров: 1 {"symbol": "all"}
[23:38:06] [DEBUG] Загружено исполненных ордеров: 20 {"symbol": "all"}
[23:38:08] [DEBUG] Загружено позиций: 0 {"symbol": "all"}
[23:38:10] [DEBUG] Загружено ордеров: 1 {"symbol": "all"}
[23:38:11] [DEBUG] Загружено исполненных ордеров: 20 {"symbol": "all"}
[23:38:16] [DEBUG] Загружено ордеров: 1 {"symbol": "all"}
[23:38:16] [DEBUG] Загружено исполненных ордеров: 20 {"symbol": "all"}
[23:38:18] [DEBUG] Загружено ордеров: 1 {"symbol": "all"}
[23:38:19] [DEBUG] Загружено исполненных ордеров: 20 {"symbol": "all"}
[23:38:22] [DEBUG] Загружено ордеров: 1 {"symbol": "all"}
[23:38:23] [DEBUG] Загружено исполненных ордеров: 20 {"symbol": "all"}
[23:38:27] [DEBUG] Загружено ордеров: 1 {"symbol": "all"}
[23:38:28] [DEBUG] Загружено исполненных ордеров: 20 {"symbol": "all"}
[23:38:31] [DEBUG] Загружено ордеров: 1 {"symbol": "all"}
[23:38:32] [DEBUG] Загружено исполненных ордеров: 20 {"symbol": "all"}
[23:38:35] [DEBUG] Загружено ордеров: 1 {"symbol": "all"}
[23:38:36] [DEBUG] Загружено исполненных ордеров: 20 {"symbol": "all"}
[23:38:39] [DEBUG] Загружено ордеров: 1 {"symbol": "all"}
[23:38:40] [DEBUG] Загружено исполненных ордеров: 20 {"symbol": "all"}
[23:38:43] [DEBUG] Загружено ордеров: 1 {"symbol": "all"}
[23:38:44] [DEBUG] Загружено исполненных ордеров: 20 {"symbol": "all"}
[23:38:48] [DEBUG] Загружено ордеров: 1 {"symbol": "all"}
[23:38:48] [DEBUG] Загружено исполненных ордеров: 20 {"symbol": "all"}
[23:38:53] [DEBUG] Загружено ордеров: 1 {"symbol": "all"}
[23:38:54] [DEBUG] Загружено исполненных ордеров: 20 {"symbol": "all"}
[23:38:56] [DEBUG] Загружено ордеров: 1 {"symbol": "all"}
[23:38:57] [DEBUG] Загружено исполненных ордеров: 20 {"symbol": "all"}
[23:39:16] [DEBUG] Загружено ордеров: 1 {"symbol": "all"}
[23:39:17] [DEBUG] Загружено исполненных ордеров: 20 {"symbol": "all"}
[23:39:19] [DEBUG] Загружено позиций: 0 {"symbol": "all"}
[23:39:19] [DEBUG] Загружено ордеров: 1 {"symbol": "all"}
[23:39:20] [DEBUG] Загружено исполненных ордеров: 20 {"symbol": "all"}
[23:39:22] [DEBUG] Загружено ордеров: 1 {"symbol": "all"}
[23:39:23] [DEBUG] Загружено исполненных ордеров: 20 {"symbol": "all"}
[23:39:26] [DEBUG] Загружено ордеров: 1 {"symbol": "all"}
[23:39:26] [DEBUG] Загружено исполненных ордеров: 20 {"symbol": "all"}
[23:39:30] [DEBUG] Загружено ордеров: 1 {"symbol": "all"}
[23:39:31] [DEBUG] Загружено исполненных ордеров: 20 {"symbol": "all"}
[23:39:35] [DEBUG] Загружено ордеров: 1 {"symbol": "all"}
[23:39:35] [DEBUG] Загружено исполненных ордеров: 20 {"symbol": "all"}
[23:39:39] [DEBUG] Загружено ордеров: 1 {"symbol": "all"}
[23:39:40] [DEBUG] Загружено исполненных ордеров: 20 {"symbol": "all"}
[23:39:43] [DEBUG] Загружено ордеров: 1 {"symbol": "all"}
[23:39:43] [DEBUG] Загружено исполненных ордеров: 20 {"symbol": "all"}
[23:39:48] [DEBUG] Загружено ордеров: 1 {"symbol": "all"}
[23:39:48] [DEBUG] Загружено исполненных ордеров: 20 {"symbol": "all"}
[23:39:51] [INFO] Loaded 2 symbols from DB
[23:39:51] [INFO] Авто-авторизация успешна
[23:39:52] [INFO] Bybit connected successfully
[23:39:53] [DEBUG] Загружено позиций: 0 {"symbol": "all"}
[23:39:57] [INFO] Processing command {"id": 16, "symbol": "ETHUSDT", "side": "open"}
[23:39:59] [INFO] Trade opened and saved {"trade_id": 91}
[23:39:59] [INFO] Processing command {"id": 18, "symbol": "ETHUSDT", "side": "open"}
[23:40:01] [INFO] Trade opened and saved {"trade_id": 92}
[23:40:01] [INFO] Processing command {"id": 19, "symbol": "ETHUSDT", "side": "open"}
[23:40:02] [INFO] Trade opened and saved {"trade_id": 93}
[23:40:02] [INFO] Processing command {"id": 20, "symbol": "ETHUSDT", "side": "open"}
[23:40:04] [INFO] Trade opened and saved {"trade_id": 94}
[23:40:04] [INFO] Processing command {"id": 21, "symbol": "ETHUSDT", "side": "open"}
[23:40:05] [INFO] Trade opened and saved {"trade_id": 95}
[23:40:06] [DEBUG] Загружено ордеров: 1 {"symbol": "all"}
[23:40:07] [DEBUG] Загружено исполненных ордеров: 20 {"symbol": "all"}
[23:40:10] [DEBUG] Загружено ордеров: 1 {"symbol": "all"}
[23:40:11] [DEBUG] Загружено исполненных ордеров: 20 {"symbol": "all"}
[23:40:13] [DEBUG] Загружено ордеров: 1 {"symbol": "all"}
[23:40:14] [DEBUG] Загружено исполненных ордеров: 20 {"symbol": "all"}
[23:40:18] [DEBUG] Загружено ордеров: 1 {"symbol": "all"}
[23:40:18] [DEBUG] Загружено исполненных ордеров: 20 {"symbol": "all"}
[23:40:22] [DEBUG] Загружено ордеров: 1 {"symbol": "all"}
[23:40:22] [DEBUG] Загружено исполненных ордеров: 20 {"symbol": "all"}
[23:40:26] [DEBUG] Загружено ордеров: 1 {"symbol": "all"}
[23:40:27] [DEBUG] Загружено исполненных ордеров: 20 {"symbol": "all"}
[23:40:30] [INFO] Loaded 2 symbols from DB
[23:40:30] [INFO] Авто-авторизация успешна
[23:40:31] [INFO] Bybit connected successfully
[23:40:32] [DEBUG] Загружено позиций: 0 {"symbol": "all"}
[23:40:36] [INFO] Processing command {"id": 16, "symbol": "ETHUSDT", "side": "open"}
[23:40:38] [INFO] Trade opened and saved {"trade_id": 96}
[23:40:38] [INFO] Processing command {"id": 18, "symbol": "ETHUSDT", "side": "open"}
[23:40:40] [INFO] Trade opened and saved {"trade_id": 97}
[23:40:40] [INFO] Processing command {"id": 19, "symbol": "ETHUSDT", "side": "open"}
[23:40:41] [INFO] Trade opened and saved {"trade_id": 98}
[23:40:41] [INFO] Processing command {"id": 20, "symbol": "ETHUSDT", "side": "open"}
[23:40:43] [INFO] Trade opened and saved {"trade_id": 99}
[23:40:43] [INFO] Processing command {"id": 21, "symbol": "ETHUSDT", "side": "open"}
[23:40:44] [INFO] Trade opened and saved {"trade_id": 100}
[23:40:46] [DEBUG] Загружено ордеров: 1 {"symbol": "all"}
[23:40:46] [DEBUG] Загружено исполненных ордеров: 20 {"symbol": "all"}
[23:40:49] [DEBUG] Загружено ордеров: 1 {"symbol": "all"}
[23:40:49] [DEBUG] Загружено исполненных ордеров: 20 {"symbol": "all"}
[23:40:53] [DEBUG] Загружено ордеров: 1 {"symbol": "all"}
[23:40:53] [DEBUG] Загружено исполненных ордеров: 20 {"symbol": "all"}
[23:40:57] [DEBUG] Загружено ордеров: 1 {"symbol": "all"}
[23:40:57] [DEBUG] Загружено исполненных ордеров: 20 {"symbol": "all"}
[23:41:02] [DEBUG] Загружено ордеров: 1 {"symbol": "all"}
[23:41:02] [DEBUG] Загружено исполненных ордеров: 20 {"symbol": "all"}
[23:41:06] [DEBUG] Загружено ордеров: 1 {"symbol": "all"}
[23:41:06] [DEBUG] Загружено исполненных ордеров: 20 {"symbol": "all"}
[23:41:09] [DEBUG] Загружено ордеров: 1 {"symbol": "all"}
[23:41:10] [DEBUG] Загружено исполненных ордеров: 20 {"symbol": "all"}
[23:41:14] [DEBUG] Загружено ордеров: 1 {"symbol": "all"}
[23:41:14] [DEBUG] Загружено исполненных ордеров: 20 {"symbol": "all"}
[23:41:18] [DEBUG] Загружено ордеров: 1 {"symbol": "all"}
[23:41:18] [DEBUG] Загружено исполненных ордеров: 20 {"symbol": "all"}
[23:41:22] [DEBUG] Загружено ордеров: 1 {"symbol": "all"}
[23:41:23] [DEBUG] Загружено исполненных ордеров: 20 {"symbol": "all"}
[23:41:26] [DEBUG] Загружено ордеров: 1 {"symbol": "all"}
[23:41:27] [DEBUG] Загружено исполненных ордеров: 20 {"symbol": "all"}
[23:41:31] [DEBUG] Загружено ордеров: 1 {"symbol": "all"}
[23:41:31] [DEBUG] Загружено исполненных ордеров: 20 {"symbol": "all"}
[23:41:34] [DEBUG] Загружено позиций: 0 {"symbol": "all"}
[23:41:35] [DEBUG] Загружено ордеров: 1 {"symbol": "all"}
[23:41:35] [DEBUG] Загружено исполненных ордеров: 20 {"symbol": "all"}
[23:41:39] [DEBUG] Загружено ордеров: 1 {"symbol": "all"}
[23:41:39] [DEBUG] Загружено исполненных ордеров: 20 {"symbol": "all"}
[23:41:43] [DEBUG] Загружено ордеров: 1 {"symbol": "all"}
[23:41:43] [DEBUG] Загружено исполненных ордеров: 20 {"symbol": "all"}
[23:41:47] [DEBUG] Загружено ордеров: 1 {"symbol": "all"}
[23:41:47] [DEBUG] Загружено исполненных ордеров: 20 {"symbol": "all"}
[23:41:52] [DEBUG] Загружено ордеров: 1 {"symbol": "all"}
[23:41:52] [DEBUG] Загружено исполненных ордеров: 20 {"symbol": "all"}
[23:41:57] [DEBUG] Загружено ордеров: 1 {"symbol": "all"}
[23:41:57] [DEBUG] Загружено исполненных ордеров: 20 {"symbol": "all"}
[23:42:00] [DEBUG] Загружено ордеров: 1 {"symbol": "all"}
[23:42:00] [DEBUG] Загружено исполненных ордеров: 20 {"symbol": "all"}
[23:42:04] [DEBUG] Загружено ордеров: 1 {"symbol": "all"}
[23:42:05] [DEBUG] Загружено исполненных ордеров: 20 {"symbol": "all"}
[23:42:08] [DEBUG] Загружено ордеров: 1 {"symbol": "all"}
[23:42:09] [DEBUG] Загружено исполненных ордеров: 20 {"symbol": "all"}
[23:42:13] [DEBUG] Загружено ордеров: 1 {"symbol": "all"}
[23:42:13] [DEBUG] Загружено исполненных ордеров: 20 {"symbol": "all"}
[23:42:18] [DEBUG] Загружено ордеров: 1 {"symbol": "all"}
[23:42:18] [DEBUG] Загружено исполненных ордеров: 20 {"symbol": "all"}
[23:42:22] [DEBUG] Загружено ордеров: 1 {"symbol": "all"}
[23:42:22] [DEBUG] Загружено исполненных ордеров: 20 {"symbol": "all"}
[23:42:26] [DEBUG] Загружено ордеров: 1 {"symbol": "all"}
[23:42:26] [DEBUG] Загружено исполненных ордеров: 20 {"symbol": "all"}
[23:42:30] [DEBUG] Загружено ордеров: 1 {"symbol": "all"}
[23:42:31] [DEBUG] Загружено исполненных ордеров: 20 {"symbol": "all"}
[23:42:34] [DEBUG] Загружено позиций: 0 {"symbol": "all"}
[23:42:35] [DEBUG] Загружено ордеров: 1 {"symbol": "all"}
[23:42:35] [DEBUG] Загружено исполненных ордеров: 20 {"symbol": "all"}
[23:42:39] [DEBUG] Загружено ордеров: 1 {"symbol": "all"}
[23:42:40] [DEBUG] Загружено исполненных ордеров: 20 {"symbol": "all"}
[23:42:44] [DEBUG] Загружено ордеров: 1 {"symbol": "all"}
[23:42:44] [DEBUG] Загружено исполненных ордеров: 20 {"symbol": "all"}
[23:42:47] [DEBUG] Загружено ордеров: 1 {"symbol": "all"}
[23:42:48] [DEBUG] Загружено исполненных ордеров: 20 {"symbol": "all"}
[23:42:51] [DEBUG] Загружено ордеров: 1 {"symbol": "all"}
[23:42:51] [DEBUG] Загружено исполненных ордеров: 20 {"symbol": "all"}
[23:42:55] [DEBUG] Загружено ордеров: 1 {"symbol": "all"}
[23:42:56] [DEBUG] Загружено исполненных ордеров: 20 {"symbol": "all"}
[23:43:00] [DEBUG] Загружено ордеров: 1 {"symbol": "all"}
[23:43:00] [DEBUG] Загружено исполненных ордеров: 20 {"symbol": "all"}
[23:43:05] [DEBUG] Загружено ордеров: 1 {"symbol": "all"}
[23:43:05] [DEBUG] Загружено исполненных ордеров: 20 {"symbol": "all"}
[23:43:09] [DEBUG] Загружено ордеров: 1 {"symbol": "all"}
[23:43:09] [DEBUG] Загружено исполненных ордеров: 20 {"symbol": "all"}
[23:43:14] [DEBUG] Загружено ордеров: 1 {"symbol": "all"}
[23:43:14] [DEBUG] Загружено исполненных ордеров: 20 {"symbol": "all"}
[23:43:17] [DEBUG] Загружено ордеров: 1 {"symbol": "all"}
[23:43:18] [DEBUG] Загружено исполненных ордеров: 20 {"symbol": "all"}
[23:43:22] [DEBUG] Загружено ордеров: 1 {"symbol": "all"}
[23:43:23] [DEBUG] Загружено исполненных ордеров: 20 {"symbol": "all"}
[23:43:27] [DEBUG] Загружено ордеров: 1 {"symbol": "all"}
[23:43:27] [DEBUG] Загружено исполненных ордеров: 20 {"symbol": "all"}
[23:43:30] [DEBUG] Загружено ордеров: 1 {"symbol": "all"}
[23:43:31] [DEBUG] Загружено исполненных ордеров: 20 {"symbol": "all"}
[23:43:34] [DEBUG] Загружено позиций: 0 {"symbol": "all"}
[23:43:36] [DEBUG] Загружено ордеров: 1 {"symbol": "all"}
[23:43:36] [DEBUG] Загружено исполненных ордеров: 20 {"symbol": "all"}
[23:43:39] [DEBUG] Загружено ордеров: 1 {"symbol": "all"}
[23:43:39] [DEBUG] Загружено исполненных ордеров: 20 {"symbol": "all"}
[23:43:43] [DEBUG] Загружено ордеров: 1 {"symbol": "all"}
[23:43:43] [DEBUG] Загружено исполненных ордеров: 20 {"symbol": "all"}
[23:43:49] [DEBUG] Загружено ордеров: 1 {"symbol": "all"}
[23:43:49] [DEBUG] Загружено исполненных ордеров: 20 {"symbol": "all"}
[23:43:51] [DEBUG] Загружено ордеров: 1 {"symbol": "all"}
[23:43:52] [DEBUG] Загружено исполненных ордеров: 20 {"symbol": "all"}
[23:43:55] [DEBUG] Загружено ордеров: 1 {"symbol": "all"}
[23:43:56] [DEBUG] Загружено исполненных ордеров: 20 {"symbol": "all"}
[23:44:00] [DEBUG] Загружено ордеров: 1 {"symbol": "all"}
[23:44:00] [DEBUG] Загружено исполненных ордеров: 20 {"symbol": "all"}
[23:44:04] [DEBUG] Загружено ордеров: 1 {"symbol": "all"}
[23:44:04] [DEBUG] Загружено исполненных ордеров: 20 {"symbol": "all"}
[23:44:08] [DEBUG] Загружено ордеров: 1 {"symbol": "all"}
[23:44:09] [DEBUG] Загружено исполненных ордеров: 20 {"symbol": "all"}
[23:44:12] [DEBUG] Загружено ордеров: 1 {"symbol": "all"}
[23:44:12] [DEBUG] Загружено исполненных ордеров: 20 {"symbol": "all"}
[23:44:16] [DEBUG] Загружено ордеров: 1 {"symbol": "all"}
[23:44:16] [DEBUG] Загружено исполненных ордеров: 20 {"symbol": "all"}
[23:44:20] [DEBUG] Загружено ордеров: 1 {"symbol": "all"}
[23:44:21] [DEBUG] Загружено исполненных ордеров: 20 {"symbol": "all"}
[23:44:24] [DEBUG] Загружено ордеров: 1 {"symbol": "all"}
[23:44:25] [DEBUG] Загружено исполненных ордеров: 20 {"symbol": "all"}
[23:44:30] [DEBUG] Загружено ордеров: 1 {"symbol": "all"}
[23:44:30] [DEBUG] Загружено исполненных ордеров: 20 {"symbol": "all"}
[23:44:33] [DEBUG] Загружено ордеров: 1 {"symbol": "all"}
[23:44:33] [DEBUG] Загружено исполненных ордеров: 20 {"symbol": "all"}
[23:44:35] [DEBUG] Загружено позиций: 0 {"symbol": "all"}
[23:44:37] [DEBUG] Загружено ордеров: 1 {"symbol": "all"}
[23:44:37] [DEBUG] Загружено исполненных ордеров: 20 {"symbol": "all"}
[23:44:41] [DEBUG] Загружено ордеров: 1 {"symbol": "all"}
